#
# A fatal error has been detected by the Java Runtime Environment:
#
#  EXCEPTION_ACCESS_VIOLATION (0xc0000005) at pc=0x00007ffacf8da869, pid=24200, tid=16216
#
# JRE version: Java(TM) SE Runtime Environment (17.0.4+11) (build 17.0.4+11-LTS-179)
# Java VM: Java HotSpot(TM) 64-Bit Server VM (17.0.4+11-LTS-179, mixed mode, sharing, tiered, compressed oops, compressed class ptrs, g1 gc, windows-amd64)
# Problematic frame:
# C  [awt.dll+0xda869]
#
# No core dump will be written. Minidumps are not enabled by default on client versions of Windows
#
# If you would like to submit a bug report, please visit:
#   https://bugreport.java.com/bugreport/crash.jsp
# The crash happened outside the Java Virtual Machine in native code.
# See problematic frame for where to report the bug.
#

---------------  S U M M A R Y ------------

Command Line: -Dfile.encoding=UTF-8 --module-path=C:\Users\user\Documents\NetBeansProjects\Travel management system\build\classes travel.management.system.BookPackage

Host: AMD Ryzen 5 3500U with Radeon Vega Mobile Gfx  , 8 cores, 5G,  Windows 11 , 64 bit Build 22621 (10.0.22621.1485)
Time: Tue Apr 25 20:35:16 2023 India Standard Time elapsed time: 7305.986146 seconds (0d 2h 1m 45s)

---------------  T H R E A D  ---------------

Current thread (0x000001c41eaf7260):  JavaThread "AWT-Windows" daemon [_thread_in_native, id=16216, stack(0x00000058bce00000,0x00000058bcf00000)]

Stack: [0x00000058bce00000,0x00000058bcf00000],  sp=0x00000058bcefe360,  free space=1016k
Native frames: (J=compiled Java code, j=interpreted, Vv=VM code, C=native code)
C  [awt.dll+0xda869]

Java frames: (J=compiled Java code, j=interpreted, Vv=VM code)
j  sun.java2d.d3d.D3DGraphicsDevice.getDeviceCapsNative(I)I+0 java.desktop@17.0.4
j  sun.java2d.d3d.D3DGraphicsDevice$1.run()V+8 java.desktop@17.0.4
v  ~StubRoutines::call_stub
j  sun.awt.windows.WToolkit.eventLoop()V+0 java.desktop@17.0.4
j  sun.awt.windows.WToolkit.run()V+50 java.desktop@17.0.4
j  java.lang.Thread.run()V+11 java.base@17.0.4
v  ~StubRoutines::call_stub

siginfo: EXCEPTION_ACCESS_VIOLATION (0xc0000005), reading address 0x0000000000000028


Register to memory mapping:

RIP=0x00007ffacf8da869 awt.dll
RAX=0x0 is NULL
RBX=0x000001c42139c720 points into unknown readable memory: 0x000001c425135b70 | 70 5b 13 25 c4 01 00 00
RCX=0x0 is NULL
RDX=0x0 is NULL
RSP=0x00000058bcefe360 is pointing into the stack for thread: 0x000001c41eaf7260
RBP=0x00000058bcefe468 is pointing into the stack for thread: 0x000001c41eaf7260
RSI=0x00000058bcefe920 is pointing into the stack for thread: 0x000001c41eaf7260
RDI=0x0 is NULL
R8 =0x0000000000000001 is an unknown value
R9 =0x00000000000000dd is an unknown value
R10=0x000001c408bbd5f2 is at code_begin+946 in an Interpreter codelet
method entry point (kind = native)  [0x000001c408bbd240, 0x000001c408bbdbc0]  2432 bytes
R11=0x00000000a1f75a38 is an oop: java.lang.Class 
{0x00000000a1f75a38} - klass: 'java/lang/Class'
 - ---- fields (total size 15 words):
 - private volatile transient 'classRedefinedCount' 'I' @12  0
 - private volatile transient 'cachedConstructor' 'Ljava/lang/reflect/Constructor;' @40  NULL (0)
 - private transient 'name' 'Ljava/lang/String;' @44  "sun.java2d.d3d.D3DGraphicsDevice"{0x00000000a1f6d178} (a1f6d178)
 - private transient 'module' 'Ljava/lang/Module;' @48  a 'java/lang/Module'{0x00000000a6601bf0} (a6601bf0)
 - private final 'classLoader' 'Ljava/lang/ClassLoader;' @52  NULL (0)
 - private transient 'classData' 'Ljava/lang/Object;' @56  NULL (0)
 - private transient 'packageName' 'Ljava/lang/String;' @60  "sun.java2d.d3d"{0x00000000a66078c0} (a66078c0)
 - private final 'componentType' 'Ljava/lang/Class;' @64  NULL (0)
 - private volatile transient 'reflectionData' 'Ljava/lang/ref/SoftReference;' @68  NULL (0)
 - private volatile transient 'genericInfo' 'Lsun/reflect/generics/repository/ClassRepository;' @72  NULL (0)
 - private volatile transient 'enumConstants' '[Ljava/lang/Object;' @76  NULL (0)
 - private volatile transient 'enumConstantDirectory' 'Ljava/util/Map;' @80  NULL (0)
 - private volatile transient 'annotationData' 'Ljava/lang/Class$AnnotationData;' @84  NULL (0)
 - private volatile transient 'annotationType' 'Lsun/reflect/annotation/AnnotationType;' @88  NULL (0)
 - transient 'classValueMap' 'Ljava/lang/ClassValue$ClassValueMap;' @92  NULL (0)
 - signature: Lsun/java2d/d3d/D3DGraphicsDevice;
 - fake entry for mirror: 'sun/java2d/d3d/D3DGraphicsDevice'
 - fake entry for array: NULL
 - fake entry for oop_size: 15
 - fake entry for static_oop_field_count: 0
 - private static 'd3dAvailable' 'Z' @112  true
R12=0x0 is NULL
R13={method} {0x000001c41e23fdc0} 'getDeviceCapsNative' '(I)I' in 'sun/java2d/d3d/D3DGraphicsDevice'
R14=0x00000058bcefe488 is pointing into the stack for thread: 0x000001c41eaf7260
R15=0x000001c41eaf7260 is a thread


Registers:
RAX=0x0000000000000000, RBX=0x000001c42139c720, RCX=0x0000000000000000, RDX=0x0000000000000000
RSP=0x00000058bcefe360, RBP=0x00000058bcefe468, RSI=0x00000058bcefe920, RDI=0x0000000000000000
R8 =0x0000000000000001, R9 =0x00000000000000dd, R10=0x000001c408bbd5f2, R11=0x00000000a1f75a38
R12=0x0000000000000000, R13=0x000001c41e23fdb8, R14=0x00000058bcefe488, R15=0x000001c41eaf7260
RIP=0x00007ffacf8da869, EFLAGS=0x0000000000010246

Top of Stack: (sp=0x00000058bcefe360)
0x00000058bcefe360:   00007ffacf93a838 000001c41eb0b560
0x00000058bcefe370:   0000000000000000 00000000a6601778
0x00000058bcefe380:   0000000000000000 00007ffacf81f930
0x00000058bcefe390:   000001c41eb0b560 000001c42139c720
0x00000058bcefe3a0:   0000000000000000 0000000000000000
0x00000058bcefe3b0:   000001c41eb0b560 00007ffacf81cd28
0x00000058bcefe3c0:   00000058bcefe3e8 00000058bcefe470
0x00000058bcefe3d0:   00007ffacf8ff638 00000000000000dd
0x00000058bcefe3e0:   000001c41eaf7260 000001c408bbd621
0x00000058bcefe3f0:   000001c41e23fdb8 0000000000000000
0x00000058bcefe400:   0000000000000000 0000000000000000
0x00000058bcefe410:   000001c425086db2 0000000000000000
0x00000058bcefe420:   00000058bcefe420 0000000000000000
0x00000058bcefe430:   00000058bcefe488 000001c41e2467b8
0x00000058bcefe440:   0000000000000000 00000000a1f75a38
0x00000058bcefe450:   000001c41e23fdb8 0000000000000000 

Instructions: (pc=0x00007ffacf8da869)
0x00007ffacf8da769:   cc cc cc cc cc cc cc 48 89 5c 24 08 48 89 6c 24
0x00007ffacf8da779:   10 48 89 74 24 18 57 48 83 ec 20 41 8b f8 0f b6
0x00007ffacf8da789:   f2 48 8b e9 e8 ee dd f4 ff 48 8b d8 48 89 44 24
0x00007ffacf8da799:   48 41 b8 01 00 00 00 8b d7 48 8b c8 e8 56 dd f4
0x00007ffacf8da7a9:   ff 48 8b c8 44 0f b6 c6 48 8b d5 e8 97 fa ff ff
0x00007ffacf8da7b9:   48 8b f8 48 8b cb e8 bc de f4 ff 90 48 8b c7 48
0x00007ffacf8da7c9:   8b 5c 24 30 48 8b 6c 24 38 48 8b 74 24 40 48 83
0x00007ffacf8da7d9:   c4 20 5f c3 cc cc cc 48 8b 49 28 e9 47 07 00 00
0x00007ffacf8da7e9:   cc cc cc cc cc cc cc 48 89 5c 24 08 57 48 83 ec
0x00007ffacf8da7f9:   20 8b f9 e8 7f dd f4 ff 48 8b d8 48 89 44 24 38
0x00007ffacf8da809:   41 b8 01 00 00 00 8b d7 48 8b c8 e8 e7 dc f4 ff
0x00007ffacf8da819:   48 8b 08 8b 39 48 8b cb e8 5a de f4 ff 90 8b c7
0x00007ffacf8da829:   48 8b 5c 24 30 48 83 c4 20 5f c3 cc cc cc cc cc
0x00007ffacf8da839:   cc cc cc cc cc cc cc 48 89 5c 24 08 57 48 83 ec
0x00007ffacf8da849:   20 8b f9 e8 2f dd f4 ff 48 8b d8 48 89 44 24 38
0x00007ffacf8da859:   41 b8 01 00 00 00 8b d7 48 8b c8 e8 97 dc f4 ff
0x00007ffacf8da869:   48 8b 78 28 48 8b cb e8 0b de f4 ff 90 48 8b c7
0x00007ffacf8da879:   48 8b 5c 24 30 48 83 c4 20 5f c3 cc cc cc cc cc
0x00007ffacf8da889:   cc cc cc cc cc cc cc 48 89 5c 24 08 57 48 83 ec
0x00007ffacf8da899:   20 8b f9 e8 df dc f4 ff 48 8b d8 48 89 44 24 38
0x00007ffacf8da8a9:   41 b8 01 00 00 00 8b d7 48 8b c8 e8 47 dc f4 ff
0x00007ffacf8da8b9:   48 8b 78 30 48 8b cb e8 bb dd f4 ff 90 48 8b c7
0x00007ffacf8da8c9:   48 8b 5c 24 30 48 83 c4 20 5f c3 cc cc cc cc cc
0x00007ffacf8da8d9:   cc cc cc cc cc cc cc 48 89 5c 24 08 57 48 83 ec
0x00007ffacf8da8e9:   20 8b f9 e8 8f dc f4 ff 48 8b d8 48 89 44 24 38
0x00007ffacf8da8f9:   41 b8 01 00 00 00 8b d7 48 8b c8 e8 f7 db f4 ff
0x00007ffacf8da909:   48 8b 78 08 48 85 ff 74 07 48 8b bf 08 0c 00 00
0x00007ffacf8da919:   48 8b cb e8 5f dd f4 ff 90 48 8b c7 48 8b 5c 24
0x00007ffacf8da929:   30 48 83 c4 20 5f c3 f3 0f 10 41 48 c3 cc cc cc
0x00007ffacf8da939:   cc cc cc cc cc cc cc f3 0f 10 41 4c c3 cc cc cc
0x00007ffacf8da949:   cc cc cc cc cc cc cc 48 89 5c 24 10 48 89 6c 24
0x00007ffacf8da959:   18 48 89 74 24 20 57 48 81 ec 20 01 00 00 48 8b 


Stack slot to memory mapping:
stack at sp + 0 slots: 0x00007ffacf93a838 awt.dll
stack at sp + 1 slots: 0x000001c41eb0b560 points into unknown readable memory: 0x0000000000000001 | 01 00 00 00 00 00 00 00
stack at sp + 2 slots: 0x0 is NULL
stack at sp + 3 slots: 0x00000000a6601778 is an oop: java.lang.Class 
{0x00000000a6601778} - klass: 'java/lang/Class'
 - ---- fields (total size 14 words):
 - private volatile transient 'classRedefinedCount' 'I' @12  0
 - private volatile transient 'cachedConstructor' 'Ljava/lang/reflect/Constructor;' @40  NULL (0)
 - private transient 'name' 'Ljava/lang/String;' @44  NULL (0)
 - private transient 'module' 'Ljava/lang/Module;' @48  a 'java/lang/Module'{0x00000000a6601bf0} (a6601bf0)
 - private final 'classLoader' 'Ljava/lang/ClassLoader;' @52  NULL (0)
 - private transient 'classData' 'Ljava/lang/Object;' @56  NULL (0)
 - private transient 'packageName' 'Ljava/lang/String;' @60  NULL (0)
 - private final 'componentType' 'Ljava/lang/Class;' @64  NULL (0)
 - private volatile transient 'reflectionData' 'Ljava/lang/ref/SoftReference;' @68  NULL (0)
 - private volatile transient 'genericInfo' 'Lsun/reflect/generics/repository/ClassRepository;' @72  NULL (0)
 - private volatile transient 'enumConstants' '[Ljava/lang/Object;' @76  NULL (0)
 - private volatile transient 'enumConstantDirectory' 'Ljava/util/Map;' @80  NULL (0)
 - private volatile transient 'annotationData' 'Ljava/lang/Class$AnnotationData;' @84  NULL (0)
 - private volatile transient 'annotationType' 'Lsun/reflect/annotation/AnnotationType;' @88  NULL (0)
 - transient 'classValueMap' 'Ljava/lang/ClassValue$ClassValueMap;' @92  NULL (0)
 - signature: Lsun/awt/windows/WObjectPeer;
 - fake entry for mirror: 'sun/awt/windows/WObjectPeer'
 - fake entry for array: NULL
 - fake entry for oop_size: 14
 - fake entry for static_oop_field_count: 0
stack at sp + 4 slots: 0x0 is NULL
stack at sp + 5 slots: 0x00007ffacf81f930 awt.dll
stack at sp + 6 slots: 0x000001c41eb0b560 points into unknown readable memory: 0x0000000000000001 | 01 00 00 00 00 00 00 00
stack at sp + 7 slots: 0x000001c42139c720 points into unknown readable memory: 0x000001c425135b70 | 70 5b 13 25 c4 01 00 00


---------------  P R O C E S S  ---------------

Threads class SMR info:
_java_thread_list=0x000001c4218a10e0, length=18, elements={
0x000001c41db88c40, 0x000001c41db8c820, 0x000001c41db9d8c0, 0x000001c41db9de80,
0x000001c41db9e440, 0x000001c41dba6a10, 0x000001c41dbaa8b0, 0x000001c41dbaaf60,
0x000001c41dbb0580, 0x000001c41e86d2b0, 0x000001c41e8e7440, 0x000001c41eaef330,
0x000001c41eaf7260, 0x000001c4212b4ec0, 0x000001c4218a8620, 0x000001c42172ffc0,
0x000001c47ee0c950, 0x000001c4218a13f0
}

Java Threads: ( => current thread )
  0x000001c41db88c40 JavaThread "Reference Handler" daemon [_thread_blocked, id=27124, stack(0x00000058bc000000,0x00000058bc100000)]
  0x000001c41db8c820 JavaThread "Finalizer" daemon [_thread_blocked, id=532, stack(0x00000058bc100000,0x00000058bc200000)]
  0x000001c41db9d8c0 JavaThread "Signal Dispatcher" daemon [_thread_blocked, id=5056, stack(0x00000058bc200000,0x00000058bc300000)]
  0x000001c41db9de80 JavaThread "Attach Listener" daemon [_thread_blocked, id=17612, stack(0x00000058bc300000,0x00000058bc400000)]
  0x000001c41db9e440 JavaThread "Service Thread" daemon [_thread_blocked, id=28300, stack(0x00000058bc400000,0x00000058bc500000)]
  0x000001c41dba6a10 JavaThread "Monitor Deflation Thread" daemon [_thread_blocked, id=1640, stack(0x00000058bc500000,0x00000058bc600000)]
  0x000001c41dbaa8b0 JavaThread "C2 CompilerThread0" daemon [_thread_blocked, id=9656, stack(0x00000058bc600000,0x00000058bc700000)]
  0x000001c41dbaaf60 JavaThread "C1 CompilerThread0" daemon [_thread_blocked, id=21036, stack(0x00000058bc700000,0x00000058bc800000)]
  0x000001c41dbb0580 JavaThread "Sweeper thread" daemon [_thread_blocked, id=16924, stack(0x00000058bc800000,0x00000058bc900000)]
  0x000001c41e86d2b0 JavaThread "Common-Cleaner" daemon [_thread_blocked, id=10588, stack(0x00000058bc900000,0x00000058bca00000)]
  0x000001c41e8e7440 JavaThread "Notification Thread" daemon [_thread_blocked, id=12980, stack(0x00000058bca00000,0x00000058bcb00000)]
  0x000001c41eaef330 JavaThread "Java2D Disposer" daemon [_thread_blocked, id=13016, stack(0x00000058bcc00000,0x00000058bcd00000)]
=>0x000001c41eaf7260 JavaThread "AWT-Windows" daemon [_thread_in_native, id=16216, stack(0x00000058bce00000,0x00000058bcf00000)]
  0x000001c4212b4ec0 JavaThread "mysql-cj-abandoned-connection-cleanup" daemon [_thread_blocked, id=16296, stack(0x00000058bd700000,0x00000058bd800000)]
  0x000001c4218a8620 JavaThread "AWT-Shutdown" [_thread_blocked, id=31652, stack(0x00000058bcd00000,0x00000058bce00000)]
  0x000001c42172ffc0 JavaThread "AWT-EventQueue-0" [_thread_in_native, id=21452, stack(0x00000058bd800000,0x00000058bd900000)]
  0x000001c47ee0c950 JavaThread "DestroyJavaVM" [_thread_blocked, id=5108, stack(0x00000058bb900000,0x00000058bba00000)]
  0x000001c4218a13f0 JavaThread "D3D Screen Updater" daemon [_thread_blocked, id=25120, stack(0x00000058bda00000,0x00000058bdb00000)]

Other Threads:
  0x000001c41db831a0 VMThread "VM Thread" [stack: 0x00000058bbf00000,0x00000058bc000000] [id=22992]
  0x000001c41e904b40 WatcherThread [stack: 0x00000058bcb00000,0x00000058bcc00000] [id=8312]
  0x000001c47ee56540 GCTaskThread "GC Thread#0" [stack: 0x00000058bba00000,0x00000058bbb00000] [id=24848]
  0x000001c42508d940 GCTaskThread "GC Thread#1" [stack: 0x00000058bb700000,0x00000058bb800000] [id=30588]
  0x000001c4217cd9f0 GCTaskThread "GC Thread#2" [stack: 0x00000058bb800000,0x00000058bb900000] [id=11912]
  0x000001c41eb77f60 GCTaskThread "GC Thread#3" [stack: 0x00000058bcf00000,0x00000058bd000000] [id=5624]
  0x000001c47ebab260 GCTaskThread "GC Thread#4" [stack: 0x00000058bd000000,0x00000058bd100000] [id=6520]
  0x000001c47ebaac20 GCTaskThread "GC Thread#5" [stack: 0x00000058bd900000,0x00000058bda00000] [id=2120]
  0x000001c4217621d0 GCTaskThread "GC Thread#6" [stack: 0x00000058bdd00000,0x00000058bde00000] [id=21412]
  0x000001c41e8f0590 GCTaskThread "GC Thread#7" [stack: 0x00000058bde00000,0x00000058bdf00000] [id=20432]
  0x000001c47ee649d0 ConcurrentGCThread "G1 Main Marker" [stack: 0x00000058bbb00000,0x00000058bbc00000] [id=17964]
  0x000001c47ee676a0 ConcurrentGCThread "G1 Conc#0" [stack: 0x00000058bbc00000,0x00000058bbd00000] [id=31100]
  0x000001c47eecdca0 ConcurrentGCThread "G1 Refine#0" [stack: 0x00000058bbd00000,0x00000058bbe00000] [id=12092]
  0x000001c421436cd0 ConcurrentGCThread "G1 Refine#1" [stack: 0x00000058bdf00000,0x00000058be000000] [id=28396]
  0x000001c47eece560 ConcurrentGCThread "G1 Service" [stack: 0x00000058bbe00000,0x00000058bbf00000] [id=26492]

Threads with active compile tasks:

VM state: not at safepoint (normal execution)

VM Mutex/Monitor currently owned by a thread: None

Heap address: 0x00000000a1e00000, size: 1506 MB, Compressed Oops mode: 32-bit

CDS archive(s) mapped at: [0x0000000800000000-0x0000000800bc0000-0x0000000800bc0000), size 12320768, SharedBaseAddress: 0x0000000800000000, ArchiveRelocationMode: 0.
Compressed class space mapped at: 0x0000000800c00000-0x0000000840c00000, reserved size: 1073741824
Narrow klass base: 0x0000000800000000, Narrow klass shift: 0, Narrow klass range: 0x100000000

GC Precious Log:
 CPUs: 8 total, 8 available
 Memory: 6020M
 Large Page Support: Disabled
 NUMA Support: Disabled
 Compressed Oops: Enabled (32-bit)
 Heap Region Size: 1M
 Heap Min Capacity: 8M
 Heap Initial Capacity: 96M
 Heap Max Capacity: 1506M
 Pre-touch: Disabled
 Parallel Workers: 8
 Concurrent Workers: 2
 Concurrent Refinement Workers: 8
 Periodic GC: Disabled

Heap:
 garbage-first heap   total 98304K, used 5978K [0x00000000a1e00000, 0x0000000100000000)
  region size 1024K, 5 young (5120K), 3 survivors (3072K)
 Metaspace       used 16640K, committed 16896K, reserved 1064960K
  class space    used 1915K, committed 2048K, reserved 1048576K

Heap Regions: E=young(eden), S=young(survivor), O=old, HS=humongous(starts), HC=humongous(continues), CS=collection set, F=free, OA=open archive, CA=closed archive, TAMS=top-at-mark-start (previous, next)
|   0|0x00000000a1e00000, 0x00000000a1f00000, 0x00000000a1f00000|100%| O|  |TAMS 0x00000000a1e00000, 0x00000000a1e00000| Untracked 
|   1|0x00000000a1f00000, 0x00000000a1fd6800, 0x00000000a2000000| 83%| O|  |TAMS 0x00000000a1f00000, 0x00000000a1f00000| Untracked 
|   2|0x00000000a2000000, 0x00000000a2000000, 0x00000000a2100000|  0%| F|  |TAMS 0x00000000a2000000, 0x00000000a2000000| Untracked 
|   3|0x00000000a2100000, 0x00000000a2100000, 0x00000000a2200000|  0%| F|  |TAMS 0x00000000a2100000, 0x00000000a2100000| Untracked 
|   4|0x00000000a2200000, 0x00000000a2200000, 0x00000000a2300000|  0%| F|  |TAMS 0x00000000a2200000, 0x00000000a2200000| Untracked 
|   5|0x00000000a2300000, 0x00000000a2300000, 0x00000000a2400000|  0%| F|  |TAMS 0x00000000a2300000, 0x00000000a2300000| Untracked 
|   6|0x00000000a2400000, 0x00000000a2400000, 0x00000000a2500000|  0%| F|  |TAMS 0x00000000a2400000, 0x00000000a2400000| Untracked 
|   7|0x00000000a2500000, 0x00000000a2500000, 0x00000000a2600000|  0%| F|  |TAMS 0x00000000a2500000, 0x00000000a2500000| Untracked 
|   8|0x00000000a2600000, 0x00000000a2600000, 0x00000000a2700000|  0%| F|  |TAMS 0x00000000a2600000, 0x00000000a2600000| Untracked 
|   9|0x00000000a2700000, 0x00000000a2700000, 0x00000000a2800000|  0%| F|  |TAMS 0x00000000a2700000, 0x00000000a2700000| Untracked 
|  10|0x00000000a2800000, 0x00000000a2800000, 0x00000000a2900000|  0%| F|  |TAMS 0x00000000a2800000, 0x00000000a2800000| Untracked 
|  11|0x00000000a2900000, 0x00000000a2900000, 0x00000000a2a00000|  0%| F|  |TAMS 0x00000000a2900000, 0x00000000a2900000| Untracked 
|  12|0x00000000a2a00000, 0x00000000a2a00000, 0x00000000a2b00000|  0%| F|  |TAMS 0x00000000a2a00000, 0x00000000a2a00000| Untracked 
|  13|0x00000000a2b00000, 0x00000000a2b00000, 0x00000000a2c00000|  0%| F|  |TAMS 0x00000000a2b00000, 0x00000000a2b00000| Untracked 
|  14|0x00000000a2c00000, 0x00000000a2c00000, 0x00000000a2d00000|  0%| F|  |TAMS 0x00000000a2c00000, 0x00000000a2c00000| Untracked 
|  15|0x00000000a2d00000, 0x00000000a2d00000, 0x00000000a2e00000|  0%| F|  |TAMS 0x00000000a2d00000, 0x00000000a2d00000| Untracked 
|  16|0x00000000a2e00000, 0x00000000a2e00000, 0x00000000a2f00000|  0%| F|  |TAMS 0x00000000a2e00000, 0x00000000a2e00000| Untracked 
|  17|0x00000000a2f00000, 0x00000000a2f00000, 0x00000000a3000000|  0%| F|  |TAMS 0x00000000a2f00000, 0x00000000a2f00000| Untracked 
|  18|0x00000000a3000000, 0x00000000a3000000, 0x00000000a3100000|  0%| F|  |TAMS 0x00000000a3000000, 0x00000000a3000000| Untracked 
|  19|0x00000000a3100000, 0x00000000a3100000, 0x00000000a3200000|  0%| F|  |TAMS 0x00000000a3100000, 0x00000000a3100000| Untracked 
|  20|0x00000000a3200000, 0x00000000a3200000, 0x00000000a3300000|  0%| F|  |TAMS 0x00000000a3200000, 0x00000000a3200000| Untracked 
|  21|0x00000000a3300000, 0x00000000a3300000, 0x00000000a3400000|  0%| F|  |TAMS 0x00000000a3300000, 0x00000000a3300000| Untracked 
|  22|0x00000000a3400000, 0x00000000a3400000, 0x00000000a3500000|  0%| F|  |TAMS 0x00000000a3400000, 0x00000000a3400000| Untracked 
|  23|0x00000000a3500000, 0x00000000a3500000, 0x00000000a3600000|  0%| F|  |TAMS 0x00000000a3500000, 0x00000000a3500000| Untracked 
|  24|0x00000000a3600000, 0x00000000a3600000, 0x00000000a3700000|  0%| F|  |TAMS 0x00000000a3600000, 0x00000000a3600000| Untracked 
|  25|0x00000000a3700000, 0x00000000a3700000, 0x00000000a3800000|  0%| F|  |TAMS 0x00000000a3700000, 0x00000000a3700000| Untracked 
|  26|0x00000000a3800000, 0x00000000a3800000, 0x00000000a3900000|  0%| F|  |TAMS 0x00000000a3800000, 0x00000000a3800000| Untracked 
|  27|0x00000000a3900000, 0x00000000a3900000, 0x00000000a3a00000|  0%| F|  |TAMS 0x00000000a3900000, 0x00000000a3900000| Untracked 
|  28|0x00000000a3a00000, 0x00000000a3a00000, 0x00000000a3b00000|  0%| F|  |TAMS 0x00000000a3a00000, 0x00000000a3a00000| Untracked 
|  29|0x00000000a3b00000, 0x00000000a3b00000, 0x00000000a3c00000|  0%| F|  |TAMS 0x00000000a3b00000, 0x00000000a3b00000| Untracked 
|  30|0x00000000a3c00000, 0x00000000a3c00000, 0x00000000a3d00000|  0%| F|  |TAMS 0x00000000a3c00000, 0x00000000a3c00000| Untracked 
|  31|0x00000000a3d00000, 0x00000000a3d00000, 0x00000000a3e00000|  0%| F|  |TAMS 0x00000000a3d00000, 0x00000000a3d00000| Untracked 
|  32|0x00000000a3e00000, 0x00000000a3e00000, 0x00000000a3f00000|  0%| F|  |TAMS 0x00000000a3e00000, 0x00000000a3e00000| Untracked 
|  33|0x00000000a3f00000, 0x00000000a3f00000, 0x00000000a4000000|  0%| F|  |TAMS 0x00000000a3f00000, 0x00000000a3f00000| Untracked 
|  34|0x00000000a4000000, 0x00000000a4000000, 0x00000000a4100000|  0%| F|  |TAMS 0x00000000a4000000, 0x00000000a4000000| Untracked 
|  35|0x00000000a4100000, 0x00000000a4100000, 0x00000000a4200000|  0%| F|  |TAMS 0x00000000a4100000, 0x00000000a4100000| Untracked 
|  36|0x00000000a4200000, 0x00000000a4200000, 0x00000000a4300000|  0%| F|  |TAMS 0x00000000a4200000, 0x00000000a4200000| Untracked 
|  37|0x00000000a4300000, 0x00000000a4300000, 0x00000000a4400000|  0%| F|  |TAMS 0x00000000a4300000, 0x00000000a4300000| Untracked 
|  38|0x00000000a4400000, 0x00000000a4400000, 0x00000000a4500000|  0%| F|  |TAMS 0x00000000a4400000, 0x00000000a4400000| Untracked 
|  39|0x00000000a4500000, 0x00000000a4500000, 0x00000000a4600000|  0%| F|  |TAMS 0x00000000a4500000, 0x00000000a4500000| Untracked 
|  40|0x00000000a4600000, 0x00000000a4600000, 0x00000000a4700000|  0%| F|  |TAMS 0x00000000a4600000, 0x00000000a4600000| Untracked 
|  41|0x00000000a4700000, 0x00000000a4700000, 0x00000000a4800000|  0%| F|  |TAMS 0x00000000a4700000, 0x00000000a4700000| Untracked 
|  42|0x00000000a4800000, 0x00000000a4800000, 0x00000000a4900000|  0%| F|  |TAMS 0x00000000a4800000, 0x00000000a4800000| Untracked 
|  43|0x00000000a4900000, 0x00000000a4900000, 0x00000000a4a00000|  0%| F|  |TAMS 0x00000000a4900000, 0x00000000a4900000| Untracked 
|  44|0x00000000a4a00000, 0x00000000a4a00000, 0x00000000a4b00000|  0%| F|  |TAMS 0x00000000a4a00000, 0x00000000a4a00000| Untracked 
|  45|0x00000000a4b00000, 0x00000000a4b00000, 0x00000000a4c00000|  0%| F|  |TAMS 0x00000000a4b00000, 0x00000000a4b00000| Untracked 
|  46|0x00000000a4c00000, 0x00000000a4c00000, 0x00000000a4d00000|  0%| F|  |TAMS 0x00000000a4c00000, 0x00000000a4c00000| Untracked 
|  47|0x00000000a4d00000, 0x00000000a4d00000, 0x00000000a4e00000|  0%| F|  |TAMS 0x00000000a4d00000, 0x00000000a4d00000| Untracked 
|  48|0x00000000a4e00000, 0x00000000a4e00000, 0x00000000a4f00000|  0%| F|  |TAMS 0x00000000a4e00000, 0x00000000a4e00000| Untracked 
|  49|0x00000000a4f00000, 0x00000000a4f00000, 0x00000000a5000000|  0%| F|  |TAMS 0x00000000a4f00000, 0x00000000a4f00000| Untracked 
|  50|0x00000000a5000000, 0x00000000a5000000, 0x00000000a5100000|  0%| F|  |TAMS 0x00000000a5000000, 0x00000000a5000000| Untracked 
|  51|0x00000000a5100000, 0x00000000a5100000, 0x00000000a5200000|  0%| F|  |TAMS 0x00000000a5100000, 0x00000000a5100000| Untracked 
|  52|0x00000000a5200000, 0x00000000a5200000, 0x00000000a5300000|  0%| F|  |TAMS 0x00000000a5200000, 0x00000000a5200000| Untracked 
|  53|0x00000000a5300000, 0x00000000a5300000, 0x00000000a5400000|  0%| F|  |TAMS 0x00000000a5300000, 0x00000000a5300000| Untracked 
|  54|0x00000000a5400000, 0x00000000a5400000, 0x00000000a5500000|  0%| F|  |TAMS 0x00000000a5400000, 0x00000000a5400000| Untracked 
|  55|0x00000000a5500000, 0x00000000a5500000, 0x00000000a5600000|  0%| F|  |TAMS 0x00000000a5500000, 0x00000000a5500000| Untracked 
|  56|0x00000000a5600000, 0x00000000a5600000, 0x00000000a5700000|  0%| F|  |TAMS 0x00000000a5600000, 0x00000000a5600000| Untracked 
|  57|0x00000000a5700000, 0x00000000a5700000, 0x00000000a5800000|  0%| F|  |TAMS 0x00000000a5700000, 0x00000000a5700000| Untracked 
|  58|0x00000000a5800000, 0x00000000a5800000, 0x00000000a5900000|  0%| F|  |TAMS 0x00000000a5800000, 0x00000000a5800000| Untracked 
|  59|0x00000000a5900000, 0x00000000a5900000, 0x00000000a5a00000|  0%| F|  |TAMS 0x00000000a5900000, 0x00000000a5900000| Untracked 
|  60|0x00000000a5a00000, 0x00000000a5a00000, 0x00000000a5b00000|  0%| F|  |TAMS 0x00000000a5a00000, 0x00000000a5a00000| Untracked 
|  61|0x00000000a5b00000, 0x00000000a5b00000, 0x00000000a5c00000|  0%| F|  |TAMS 0x00000000a5b00000, 0x00000000a5b00000| Untracked 
|  62|0x00000000a5c00000, 0x00000000a5c00000, 0x00000000a5d00000|  0%| F|  |TAMS 0x00000000a5c00000, 0x00000000a5c00000| Untracked 
|  63|0x00000000a5d00000, 0x00000000a5d00000, 0x00000000a5e00000|  0%| F|  |TAMS 0x00000000a5d00000, 0x00000000a5d00000| Untracked 
|  64|0x00000000a5e00000, 0x00000000a5e00000, 0x00000000a5f00000|  0%| F|  |TAMS 0x00000000a5e00000, 0x00000000a5e00000| Untracked 
|  65|0x00000000a5f00000, 0x00000000a5f00000, 0x00000000a6000000|  0%| F|  |TAMS 0x00000000a5f00000, 0x00000000a5f00000| Untracked 
|  66|0x00000000a6000000, 0x00000000a6000000, 0x00000000a6100000|  0%| F|  |TAMS 0x00000000a6000000, 0x00000000a6000000| Untracked 
|  67|0x00000000a6100000, 0x00000000a6100000, 0x00000000a6200000|  0%| F|  |TAMS 0x00000000a6100000, 0x00000000a6100000| Untracked 
|  68|0x00000000a6200000, 0x00000000a6200000, 0x00000000a6300000|  0%| F|  |TAMS 0x00000000a6200000, 0x00000000a6200000| Untracked 
|  69|0x00000000a6300000, 0x00000000a6300000, 0x00000000a6400000|  0%| F|  |TAMS 0x00000000a6300000, 0x00000000a6300000| Untracked 
|  70|0x00000000a6400000, 0x00000000a6500000, 0x00000000a6500000|100%| S|CS|TAMS 0x00000000a6400000, 0x00000000a6400000| Complete 
|  71|0x00000000a6500000, 0x00000000a6600000, 0x00000000a6600000|100%| S|CS|TAMS 0x00000000a6500000, 0x00000000a6500000| Complete 
|  72|0x00000000a6600000, 0x00000000a6700000, 0x00000000a6700000|100%| S|CS|TAMS 0x00000000a6600000, 0x00000000a6600000| Complete 
|  73|0x00000000a6700000, 0x00000000a6700000, 0x00000000a6800000|  0%| F|  |TAMS 0x00000000a6700000, 0x00000000a6700000| Untracked 
|  74|0x00000000a6800000, 0x00000000a6800000, 0x00000000a6900000|  0%| F|  |TAMS 0x00000000a6800000, 0x00000000a6800000| Untracked 
|  75|0x00000000a6900000, 0x00000000a6900000, 0x00000000a6a00000|  0%| F|  |TAMS 0x00000000a6900000, 0x00000000a6900000| Untracked 
|  76|0x00000000a6a00000, 0x00000000a6a00000, 0x00000000a6b00000|  0%| F|  |TAMS 0x00000000a6a00000, 0x00000000a6a00000| Untracked 
|  77|0x00000000a6b00000, 0x00000000a6b00000, 0x00000000a6c00000|  0%| F|  |TAMS 0x00000000a6b00000, 0x00000000a6b00000| Untracked 
|  78|0x00000000a6c00000, 0x00000000a6c00000, 0x00000000a6d00000|  0%| F|  |TAMS 0x00000000a6c00000, 0x00000000a6c00000| Untracked 
|  79|0x00000000a6d00000, 0x00000000a6d00000, 0x00000000a6e00000|  0%| F|  |TAMS 0x00000000a6d00000, 0x00000000a6d00000| Untracked 
|  80|0x00000000a6e00000, 0x00000000a6e00000, 0x00000000a6f00000|  0%| F|  |TAMS 0x00000000a6e00000, 0x00000000a6e00000| Untracked 
|  81|0x00000000a6f00000, 0x00000000a6f00000, 0x00000000a7000000|  0%| F|  |TAMS 0x00000000a6f00000, 0x00000000a6f00000| Untracked 
|  82|0x00000000a7000000, 0x00000000a7000000, 0x00000000a7100000|  0%| F|  |TAMS 0x00000000a7000000, 0x00000000a7000000| Untracked 
|  83|0x00000000a7100000, 0x00000000a7100000, 0x00000000a7200000|  0%| F|  |TAMS 0x00000000a7100000, 0x00000000a7100000| Untracked 
|  84|0x00000000a7200000, 0x00000000a7200000, 0x00000000a7300000|  0%| F|  |TAMS 0x00000000a7200000, 0x00000000a7200000| Untracked 
|  85|0x00000000a7300000, 0x00000000a7300000, 0x00000000a7400000|  0%| F|  |TAMS 0x00000000a7300000, 0x00000000a7300000| Untracked 
|  86|0x00000000a7400000, 0x00000000a7400000, 0x00000000a7500000|  0%| F|  |TAMS 0x00000000a7400000, 0x00000000a7400000| Untracked 
|  87|0x00000000a7500000, 0x00000000a7500000, 0x00000000a7600000|  0%| F|  |TAMS 0x00000000a7500000, 0x00000000a7500000| Untracked 
|  88|0x00000000a7600000, 0x00000000a7600000, 0x00000000a7700000|  0%| F|  |TAMS 0x00000000a7600000, 0x00000000a7600000| Untracked 
|  89|0x00000000a7700000, 0x00000000a7700000, 0x00000000a7800000|  0%| F|  |TAMS 0x00000000a7700000, 0x00000000a7700000| Untracked 
|  90|0x00000000a7800000, 0x00000000a7800000, 0x00000000a7900000|  0%| F|  |TAMS 0x00000000a7800000, 0x00000000a7800000| Untracked 
|  91|0x00000000a7900000, 0x00000000a7900000, 0x00000000a7a00000|  0%| F|  |TAMS 0x00000000a7900000, 0x00000000a7900000| Untracked 
|  92|0x00000000a7a00000, 0x00000000a7a00000, 0x00000000a7b00000|  0%| F|  |TAMS 0x00000000a7a00000, 0x00000000a7a00000| Untracked 
|  93|0x00000000a7b00000, 0x00000000a7b00000, 0x00000000a7c00000|  0%| F|  |TAMS 0x00000000a7b00000, 0x00000000a7b00000| Untracked 
|  94|0x00000000a7c00000, 0x00000000a7c718f8, 0x00000000a7d00000| 44%| E|  |TAMS 0x00000000a7c00000, 0x00000000a7c00000| Complete 
|  95|0x00000000a7d00000, 0x00000000a7e00000, 0x00000000a7e00000|100%| E|CS|TAMS 0x00000000a7d00000, 0x00000000a7d00000| Complete 

Card table byte_map: [0x000001c417eb0000,0x000001c4181b0000] _byte_map_base: 0x000001c4179a1000

Marking Bits (Prev, Next): (CMBitMap*) 0x000001c47ee56b50, (CMBitMap*) 0x000001c47ee56b90
 Prev Bits: [0x000001c4184b0000, 0x000001c419c38000)
 Next Bits: [0x000001c419c40000, 0x000001c41b3c8000)

Polling page: 0x000001c47f280000

Metaspace:

Usage:
  Non-class:     14.38 MB used.
      Class:      1.87 MB used.
       Both:     16.25 MB used.

Virtual space:
  Non-class space:       16.00 MB reserved,      14.50 MB ( 91%) committed,  2 nodes.
      Class space:        1.00 GB reserved,       2.00 MB ( <1%) committed,  1 nodes.
             Both:        1.02 GB reserved,      16.50 MB (  2%) committed. 

Chunk freelists:
   Non-Class:  1.00 MB
       Class:  2.04 MB
        Both:  3.04 MB

MaxMetaspaceSize: unlimited
CompressedClassSpaceSize: 1.00 GB
Initial GC threshold: 21.00 MB
Current GC threshold: 21.00 MB
CDS: on
MetaspaceReclaimPolicy: balanced
 - commit_granule_bytes: 65536.
 - commit_granule_words: 8192.
 - virtual_space_node_default_size: 1048576.
 - enlarge_chunks_in_place: 1.
 - new_chunks_are_fully_committed: 0.
 - uncommit_free_chunks: 1.
 - use_allocation_guard: 0.
 - handle_deallocations: 1.


Internal statistics:

num_allocs_failed_limit: 0.
num_arena_births: 148.
num_arena_deaths: 0.
num_vsnodes_births: 3.
num_vsnodes_deaths: 0.
num_space_committed: 264.
num_space_uncommitted: 0.
num_chunks_returned_to_freelist: 0.
num_chunks_taken_from_freelist: 352.
num_chunk_merges: 0.
num_chunk_splits: 217.
num_chunks_enlarged: 125.
num_purges: 0.
num_inconsistent_stats: 0.

CodeHeap 'non-profiled nmethods': size=120000Kb used=590Kb max_used=590Kb free=119409Kb
 bounds [0x000001c410680000, 0x000001c4108f0000, 0x000001c417bb0000]
CodeHeap 'profiled nmethods': size=120000Kb used=3117Kb max_used=3117Kb free=116882Kb
 bounds [0x000001c409150000, 0x000001c409460000, 0x000001c410680000]
CodeHeap 'non-nmethods': size=5760Kb used=1341Kb max_used=1357Kb free=4418Kb
 bounds [0x000001c408bb0000, 0x000001c408e20000, 0x000001c409150000]
 total_blobs=2420 nmethods=1740 adapters=593
 compilation: enabled
              stopped_count=0, restarted_count=0
 full_count=0

Compilation events (20 events):
Event: 4723.170 Thread 0x000001c41dbaaf60 1732   !   3       jdk.internal.loader.URLClassPath$JarLoader::getResource (354 bytes)
Event: 4723.186 Thread 0x000001c41dbaaf60 nmethod 1732 0x000001c40944ec10 code [0x000001c40944f0a0, 0x000001c409451158]
Event: 6487.712 Thread 0x000001c41dbaaf60 1733       3       java.lang.ref.Reference::enqueueFromPending (19 bytes)
Event: 6487.714 Thread 0x000001c41dbaaf60 nmethod 1733 0x000001c409452390 code [0x000001c409452540, 0x000001c409452768]
Event: 6487.714 Thread 0x000001c41dbaaf60 1734   !   3       java.lang.ref.ReferenceQueue::enqueue (119 bytes)
Event: 6487.718 Thread 0x000001c41dbaaf60 nmethod 1734 0x000001c409452810 code [0x000001c409452a00, 0x000001c4094530c8]
Event: 6487.718 Thread 0x000001c41dbaaf60 1737       3       jdk.internal.ref.CleanerImpl$PhantomCleanableRef::performCleanup (10 bytes)
Event: 6487.719 Thread 0x000001c41dbaaf60 nmethod 1737 0x000001c409453290 code [0x000001c409453440, 0x000001c409453608]
Event: 6487.719 Thread 0x000001c41dbaaf60 1738   !   3       jdk.internal.ref.PhantomCleanable::isListEmpty (34 bytes)
Event: 6487.720 Thread 0x000001c41dbaaf60 nmethod 1738 0x000001c409453710 code [0x000001c4094538a0, 0x000001c409453af8]
Event: 6487.793 Thread 0x000001c41dbaa8b0 1739       4       java.util.regex.Pattern$Branch::match (66 bytes)
Event: 6487.802 Thread 0x000001c41dbaa8b0 nmethod 1739 0x000001c410713210 code [0x000001c4107133c0, 0x000001c4107135f8]
Event: 6712.292 Thread 0x000001c41dbaaf60 1740 % !   3       sun.java2d.d3d.D3DScreenUpdateManager::run @ 0 (267 bytes)
Event: 6712.311 Thread 0x000001c41dbaaf60 nmethod 1740% 0x000001c409453c10 code [0x000001c409454060, 0x000001c409456828]
Event: 6767.134 Thread 0x000001c41dbaaf60 1741   !   3       sun.java2d.d3d.D3DScreenUpdateManager::run (267 bytes)
Event: 6767.140 Thread 0x000001c41dbaaf60 nmethod 1741 0x000001c409457810 code [0x000001c409457c60, 0x000001c40945a3a8]
Event: 6877.444 Thread 0x000001c41dbaa8b0 1742       4       sun.java2d.StateTrackableDelegate$1::isCurrent (17 bytes)
Event: 6877.445 Thread 0x000001c41dbaa8b0 nmethod 1742 0x000001c410713810 code [0x000001c410713980, 0x000001c410713a38]
Event: 7147.818 Thread 0x000001c41dbaaf60 1743       3       jdk.internal.misc.InnocuousThread::eraseThreadLocals (23 bytes)
Event: 7147.822 Thread 0x000001c41dbaaf60 nmethod 1743 0x000001c40945b310 code [0x000001c40945b4a0, 0x000001c40945b698]

GC Heap History (2 events):
Event: 6487.611 GC heap before
{Heap before GC invocations=0 (full 0):
 garbage-first heap   total 98304K, used 22528K [0x00000000a1e00000, 0x0000000100000000)
  region size 1024K, 23 young (23552K), 0 survivors (0K)
 Metaspace       used 16595K, committed 16832K, reserved 1064960K
  class space    used 1911K, committed 2048K, reserved 1048576K
}
Event: 6487.708 GC heap after
{Heap after GC invocations=1 (full 0):
 garbage-first heap   total 98304K, used 4954K [0x00000000a1e00000, 0x0000000100000000)
  region size 1024K, 3 young (3072K), 3 survivors (3072K)
 Metaspace       used 16595K, committed 16832K, reserved 1064960K
  class space    used 1911K, committed 2048K, reserved 1048576K
}

Deoptimization events (20 events):
Event: 552.434 Thread 0x000001c4218a13f0 Uncommon trap: trap_request=0xffffffdc fr.pc=0x000001c41070fbc4 relative=0x00000000000001a4
Event: 552.434 Thread 0x000001c4218a13f0 Uncommon trap: reason=class_check action=make_not_entrant pc=0x000001c41070fbc4 method=java.util.ArrayList.toArray([Ljava/lang/Object;)[Ljava/lang/Object; @ 21 c2
Event: 552.434 Thread 0x000001c4218a13f0 DEOPT PACKING pc=0x000001c41070fbc4 sp=0x00000058bdaff3a0
Event: 552.434 Thread 0x000001c4218a13f0 DEOPT UNPACKING pc=0x000001c408c023a3 sp=0x00000058bdaff360 mode 2
Event: 1119.167 Thread 0x000001c42172ffc0 Uncommon trap: trap_request=0xffffffde fr.pc=0x000001c4106dc5b0 relative=0x0000000000000930
Event: 1119.167 Thread 0x000001c42172ffc0 Uncommon trap: reason=class_check action=maybe_recompile pc=0x000001c4106dc5b0 method=java.util.HashMap.putVal(ILjava/lang/Object;Ljava/lang/Object;ZZ)Ljava/lang/Object; @ 203 c2
Event: 1119.168 Thread 0x000001c42172ffc0 DEOPT PACKING pc=0x000001c4106dc5b0 sp=0x00000058bd8feb70
Event: 1119.168 Thread 0x000001c42172ffc0 DEOPT UNPACKING pc=0x000001c408c023a3 sp=0x00000058bd8feb10 mode 2
Event: 1119.170 Thread 0x000001c42172ffc0 Uncommon trap: trap_request=0xffffffde fr.pc=0x000001c4106dc5b0 relative=0x0000000000000930
Event: 1119.170 Thread 0x000001c42172ffc0 Uncommon trap: reason=class_check action=maybe_recompile pc=0x000001c4106dc5b0 method=java.util.HashMap.putVal(ILjava/lang/Object;Ljava/lang/Object;ZZ)Ljava/lang/Object; @ 203 c2
Event: 1119.171 Thread 0x000001c42172ffc0 DEOPT PACKING pc=0x000001c4106dc5b0 sp=0x00000058bd8feb70
Event: 1119.171 Thread 0x000001c42172ffc0 DEOPT UNPACKING pc=0x000001c408c023a3 sp=0x00000058bd8feb10 mode 2
Event: 6487.791 Thread 0x000001c4212b4ec0 Uncommon trap: trap_request=0xffffffde fr.pc=0x000001c4106f1e68 relative=0x0000000000000ea8
Event: 6487.791 Thread 0x000001c4212b4ec0 Uncommon trap: reason=class_check action=maybe_recompile pc=0x000001c4106f1e68 method=java.util.regex.Pattern$Start.match(Ljava/util/regex/Matcher;ILjava/lang/CharSequence;)Z @ 44 c2
Event: 6487.791 Thread 0x000001c4212b4ec0 DEOPT PACKING pc=0x000001c4106f1e68 sp=0x00000058bd7fe720
Event: 6487.792 Thread 0x000001c4212b4ec0 DEOPT UNPACKING pc=0x000001c408c023a3 sp=0x00000058bd7fe710 mode 2
Event: 7303.235 Thread 0x000001c4218a13f0 Uncommon trap: trap_request=0xffffff45 fr.pc=0x000001c4107139e8 relative=0x0000000000000068
Event: 7303.235 Thread 0x000001c4218a13f0 Uncommon trap: reason=unstable_if action=reinterpret pc=0x000001c4107139e8 method=sun.java2d.StateTrackableDelegate$1.isCurrent()Z @ 8 c2
Event: 7303.235 Thread 0x000001c4218a13f0 DEOPT PACKING pc=0x000001c4107139e8 sp=0x00000058bdaff330
Event: 7303.282 Thread 0x000001c4218a13f0 DEOPT UNPACKING pc=0x000001c408c023a3 sp=0x00000058bdaff2c0 mode 2

Classes unloaded (0 events):
No events

Classes redefined (0 events):
No events

Internal exceptions (20 events):
Event: 0.358 Thread 0x000001c47ee0c950 Exception <a 'java/lang/NoSuchMethodError'{0x00000000a7bd76f8}: 'java.lang.Object java.lang.invoke.DirectMethodHandle$Holder.invokeStaticInit(java.lang.Object)'> (0x00000000a7bd76f8) 
thrown [s\open\src\hotspot\share\interpreter\linkResolver.cpp, line 759]
Event: 0.521 Thread 0x000001c47ee0c950 Exception <a 'java/lang/NoSuchMethodError'{0x00000000a7a35e70}: 'void java.lang.invoke.DirectMethodHandle$Holder.invokeSpecial(java.lang.Object, java.lang.Object, java.lang.Object)'> (0x00000000a7a35e70) 
thrown [s\open\src\hotspot\share\interpreter\linkResolver.cpp, line 759]
Event: 0.539 Thread 0x000001c47ee0c950 Exception <a 'java/lang/NoSuchMethodError'{0x00000000a7a60010}: 'java.lang.Object java.lang.invoke.DirectMethodHandle$Holder.newInvokeSpecial(java.lang.Object, java.lang.Object, java.lang.Object, java.lang.Object, java.lang.Object)'> (0x00000000a7a60010) 
thrown [s\open\src\hotspot\share\interpreter\linkResolver.cpp, line 759]
Event: 0.543 Thread 0x000001c47ee0c950 Exception <a 'java/lang/NoSuchMethodError'{0x00000000a7a6b9d8}: 'java.lang.Object java.lang.invoke.DirectMethodHandle$Holder.invokeStatic(java.lang.Object, int, java.lang.Object, java.lang.Object, java.lang.Object, java.lang.Object)'> (0x00000000a7a6b9d8) 
thrown [s\open\src\hotspot\share\interpreter\linkResolver.cpp, line 759]
Event: 0.555 Thread 0x000001c47ee0c950 Exception <a 'java/lang/NoSuchMethodError'{0x00000000a7a91400}: 'java.lang.Object java.lang.invoke.DirectMethodHandle$Holder.invokeStatic(java.lang.Object, int, java.lang.Object)'> (0x00000000a7a91400) 
thrown [s\open\src\hotspot\share\interpreter\linkResolver.cpp, line 759]
Event: 0.619 Thread 0x000001c47ee0c950 Exception <a 'java/lang/ClassNotFoundException'{0x00000000a7949340}: com/sun/swing/internal/plaf/metal/resources/spi/metalProvider> (0x00000000a7949340) 
thrown [s\open\src\hotspot\share\classfile\systemDictionary.cpp, line 256]
Event: 0.621 Thread 0x000001c47ee0c950 Exception <a 'java/lang/ClassNotFoundException'{0x00000000a794d148}: com/sun/swing/internal/plaf/basic/resources/spi/basicProvider> (0x00000000a794d148) 
thrown [s\open\src\hotspot\share\classfile\systemDictionary.cpp, line 256]
Event: 0.883 Thread 0x000001c47ee0c950 Exception <a 'java/lang/NoSuchMethodError'{0x00000000a77269d0}: 'java.lang.Object java.lang.invoke.DirectMethodHandle$Holder.invokeInterface(java.lang.Object, java.lang.Object)'> (0x00000000a77269d0) 
thrown [s\open\src\hotspot\share\interpreter\linkResolver.cpp, line 759]
Event: 0.931 Thread 0x000001c47ee0c950 Exception <a 'java/lang/NoSuchMethodError'{0x00000000a77a73e0}: 'void java.lang.invoke.DirectMethodHandle$Holder.invokeStatic(java.lang.Object, java.lang.Object, java.lang.Object)'> (0x00000000a77a73e0) 
thrown [s\open\src\hotspot\share\interpreter\linkResolver.cpp, line 759]
Event: 0.936 Thread 0x000001c47ee0c950 Exception <a 'java/lang/NoSuchMethodError'{0x00000000a77b5808}: 'java.lang.Object java.lang.invoke.DirectMethodHandle$Holder.invokeVirtual(java.lang.Object, java.lang.Object, java.lang.Object)'> (0x00000000a77b5808) 
thrown [s\open\src\hotspot\share\interpreter\linkResolver.cpp, line 759]
Event: 1.134 Thread 0x000001c47ee0c950 Exception <a 'java/lang/NoSuchMethodError'{0x00000000a74c6440}: 'void java.lang.invoke.DirectMethodHandle$Holder.invokeStatic(java.lang.Object, java.lang.Object)'> (0x00000000a74c6440) 
thrown [s\open\src\hotspot\share\interpreter\linkResolver.cpp, line 759]
Event: 1.317 Thread 0x000001c47ee0c950 Exception <a 'java/lang/NoSuchMethodError'{0x00000000a7146ca0}: 'void java.lang.invoke.DirectMethodHandle$Holder.invokeStaticInit(java.lang.Object, java.lang.Object)'> (0x00000000a7146ca0) 
thrown [s\open\src\hotspot\share\interpreter\linkResolver.cpp, line 759]
Event: 1.439 Thread 0x000001c47ee0c950 Exception <a 'sun/nio/fs/WindowsException'{0x00000000a7083ed8}> (0x00000000a7083ed8) 
thrown [s\open\src\hotspot\share\prims\jni.cpp, line 516]
Event: 1.466 Thread 0x000001c47ee0c950 Exception <a 'java/lang/NoSuchMethodError'{0x00000000a70a9f30}: 'int java.lang.invoke.DirectMethodHandle$Holder.invokeStaticInit(java.lang.Object, java.lang.Object, java.lang.Object, java.lang.Object)'> (0x00000000a70a9f30) 
thrown [s\open\src\hotspot\share\interpreter\linkResolver.cpp, line 759]
Event: 1.468 Thread 0x000001c47ee0c950 Exception <a 'java/lang/IncompatibleClassChangeError'{0x00000000a70b3058}: Found class java.lang.Object, but interface was expected> (0x00000000a70b3058) 
thrown [s\open\src\hotspot\share\interpreter\linkResolver.cpp, line 826]
Event: 1.469 Thread 0x000001c47ee0c950 Exception <a 'java/lang/NoSuchMethodError'{0x00000000a70b84e0}: 'int java.lang.invoke.DirectMethodHandle$Holder.invokeStaticInit(java.lang.Object, java.lang.Object)'> (0x00000000a70b84e0) 
thrown [s\open\src\hotspot\share\interpreter\linkResolver.cpp, line 759]
Event: 1.547 Thread 0x000001c47ee0c950 Exception <a 'java/lang/NoSuchMethodError'{0x00000000a6e097e0}: 'java.lang.Object java.lang.invoke.DirectMethodHandle$Holder.invokeStaticInit(java.lang.Object, int, int, int, int)'> (0x00000000a6e097e0) 
thrown [s\open\src\hotspot\share\interpreter\linkResolver.cpp, line 759]
Event: 1.731 Thread 0x000001c47ee0c950 Exception <a 'java/lang/NoSuchMethodError'{0x00000000a6ea7bf0}: 'java.lang.Object java.lang.invoke.DirectMethodHandle$Holder.invokeStaticInit(java.lang.Object, java.lang.Object, int, int, int, int)'> (0x00000000a6ea7bf0) 
thrown [s\open\src\hotspot\share\interpreter\linkResolver.cpp, line 759]
Event: 2.281 Thread 0x000001c41eaf7260 Exception <a 'java/lang/NoSuchMethodError'{0x00000000a7bfb968}: 'void java.lang.invoke.DirectMethodHandle$Holder.invokeVirtual(java.lang.Object, java.lang.Object)'> (0x00000000a7bfb968) 
thrown [s\open\src\hotspot\share\interpreter\linkResolver.cpp, line 759]
Event: 2.309 Thread 0x000001c47ee0c950 Exception <a 'java/lang/NoSuchMethodError'{0x00000000a6adfbe8}: 'void java.lang.invoke.DirectMethodHandle$Holder.invokeStaticInit(java.lang.Object)'> (0x00000000a6adfbe8) 
thrown [s\open\src\hotspot\share\interpreter\linkResolver.cpp, line 759]

VM Operations (20 events):
Event: 2.019 Executing VM operation: HandshakeAllThreads
Event: 2.019 Executing VM operation: HandshakeAllThreads done
Event: 2.671 Executing VM operation: HandshakeAllThreads
Event: 2.671 Executing VM operation: HandshakeAllThreads done
Event: 3.676 Executing VM operation: Cleanup
Event: 3.677 Executing VM operation: Cleanup done
Event: 622.636 Executing VM operation: Cleanup
Event: 622.636 Executing VM operation: Cleanup done
Event: 1047.926 Executing VM operation: Cleanup
Event: 1047.927 Executing VM operation: Cleanup done
Event: 1119.465 Executing VM operation: Cleanup
Event: 1119.465 Executing VM operation: Cleanup done
Event: 6487.605 Executing VM operation: G1CollectForAllocation
Event: 6487.708 Executing VM operation: G1CollectForAllocation done
Event: 6488.723 Executing VM operation: Cleanup
Event: 6488.724 Executing VM operation: Cleanup done
Event: 6878.549 Executing VM operation: Cleanup
Event: 6878.549 Executing VM operation: Cleanup done
Event: 7305.485 Executing VM operation: Cleanup
Event: 7305.486 Executing VM operation: Cleanup done

Events (20 events):
Event: 3.367 loading class java/awt/LightweightDispatcher$2
Event: 3.367 loading class java/awt/LightweightDispatcher$2 done
Event: 4.528 loading class java/awt/KeyboardFocusManager$2
Event: 4.528 loading class java/awt/KeyboardFocusManager$2 done
Event: 4.529 loading class sun/awt/SunToolkit$1
Event: 4.529 loading class sun/awt/SunToolkit$1 done
Event: 1119.177 loading class java/awt/desktop/SystemSleepListener
Event: 1119.201 loading class java/awt/desktop/SystemEventListener
Event: 1119.202 loading class java/awt/desktop/SystemEventListener done
Event: 1119.202 loading class java/awt/desktop/SystemSleepListener done
Event: 6487.728 loading class sun/security/ssl/Alert
Event: 6487.754 loading class sun/security/ssl/Alert done
Event: 6487.757 loading class sun/security/ssl/Alert$AlertConsumer
Event: 6487.760 loading class sun/security/ssl/Alert$AlertConsumer done
Event: 6487.760 loading class sun/security/ssl/Alert$Level
Event: 6487.760 loading class sun/security/ssl/Alert$Level done
Event: 7305.731 loading class java/util/WeakHashMap$KeyIterator
Event: 7305.786 loading class java/util/WeakHashMap$HashIterator
Event: 7305.807 loading class java/util/WeakHashMap$HashIterator done
Event: 7305.807 loading class java/util/WeakHashMap$KeyIterator done


Dynamic libraries:
0x00007ff7a4180000 - 0x00007ff7a4190000 	C:\Program Files\Java\jdk-17.0.4\bin\java.exe
0x00007ffb331f0000 - 0x00007ffb33404000 	C:\WINDOWS\SYSTEM32\ntdll.dll
0x00007ffb31390000 - 0x00007ffb31452000 	C:\WINDOWS\System32\KERNEL32.DLL
0x00007ffb308b0000 - 0x00007ffb30c4c000 	C:\WINDOWS\System32\KERNELBASE.dll
0x00007ffb30e40000 - 0x00007ffb30f51000 	C:\WINDOWS\System32\ucrtbase.dll
0x00007ffb22f80000 - 0x00007ffb22f9a000 	C:\Program Files\Java\jdk-17.0.4\bin\VCRUNTIME140.dll
0x00007ffb222f0000 - 0x00007ffb22308000 	C:\Program Files\Java\jdk-17.0.4\bin\jli.dll
0x00007ffb32f20000 - 0x00007ffb32fce000 	C:\WINDOWS\System32\ADVAPI32.dll
0x00007ffb312e0000 - 0x00007ffb31387000 	C:\WINDOWS\System32\msvcrt.dll
0x00007ffb317a0000 - 0x00007ffb31844000 	C:\WINDOWS\System32\sechost.dll
0x00007ffb32080000 - 0x00007ffb32197000 	C:\WINDOWS\System32\RPCRT4.dll
0x00007ffb315f0000 - 0x00007ffb3179b000 	C:\WINDOWS\System32\USER32.dll
0x00007ffb19b00000 - 0x00007ffb19d8e000 	C:\WINDOWS\WinSxS\amd64_microsoft.windows.common-controls_6595b64144ccf1df_6.0.22621.608_none_a9444ca7c10bb01d\COMCTL32.dll
0x00007ffb30fd0000 - 0x00007ffb30ff6000 	C:\WINDOWS\System32\win32u.dll
0x00007ffb32c00000 - 0x00007ffb32c29000 	C:\WINDOWS\System32\GDI32.dll
0x00007ffb30630000 - 0x00007ffb30743000 	C:\WINDOWS\System32\gdi32full.dll
0x00007ffb30810000 - 0x00007ffb308aa000 	C:\WINDOWS\System32\msvcp_win.dll
0x00007ffb27470000 - 0x00007ffb2747a000 	C:\WINDOWS\SYSTEM32\VERSION.dll
0x00007ffb32c90000 - 0x00007ffb32cc1000 	C:\WINDOWS\System32\IMM32.DLL
0x00007ffb2b5d0000 - 0x00007ffb2b5dc000 	C:\Program Files\Java\jdk-17.0.4\bin\vcruntime140_1.dll
0x00007ffb196b0000 - 0x00007ffb1973d000 	C:\Program Files\Java\jdk-17.0.4\bin\msvcp140.dll
0x00007ffacfa70000 - 0x00007ffad0632000 	C:\Program Files\Java\jdk-17.0.4\bin\server\jvm.dll
0x00007ffb31bf0000 - 0x00007ffb31bf8000 	C:\WINDOWS\System32\PSAPI.DLL
0x00007ffb28590000 - 0x00007ffb285c4000 	C:\WINDOWS\SYSTEM32\WINMM.dll
0x00007ffb0e4a0000 - 0x00007ffb0e4a9000 	C:\WINDOWS\SYSTEM32\WSOCK32.dll
0x00007ffb31460000 - 0x00007ffb314d1000 	C:\WINDOWS\System32\ws2_32.DLL
0x00007ffb2f650000 - 0x00007ffb2f668000 	C:\WINDOWS\SYSTEM32\kernel.appcore.dll
0x00007ffb2aee0000 - 0x00007ffb2aeea000 	C:\Program Files\Java\jdk-17.0.4\bin\jimage.dll
0x00007ffb2e260000 - 0x00007ffb2e48e000 	C:\WINDOWS\SYSTEM32\DBGHELP.DLL
0x00007ffb31850000 - 0x00007ffb31bd9000 	C:\WINDOWS\System32\combase.dll
0x00007ffb31020000 - 0x00007ffb310f7000 	C:\WINDOWS\System32\OLEAUT32.dll
0x00007ffb17760000 - 0x00007ffb17792000 	C:\WINDOWS\SYSTEM32\dbgcore.DLL
0x00007ffb30c50000 - 0x00007ffb30ccb000 	C:\WINDOWS\System32\bcryptPrimitives.dll
0x00007ffb21ef0000 - 0x00007ffb21f15000 	C:\Program Files\Java\jdk-17.0.4\bin\java.dll
0x00007ffacf990000 - 0x00007ffacfa66000 	C:\Program Files\Java\jdk-17.0.4\bin\jsvml.dll
0x00007ffb322f0000 - 0x00007ffb32ae0000 	C:\WINDOWS\System32\SHELL32.dll
0x00007ffb2e5f0000 - 0x00007ffb2eebd000 	C:\WINDOWS\SYSTEM32\windows.storage.dll
0x00007ffb2e4b0000 - 0x00007ffb2e5ee000 	C:\WINDOWS\SYSTEM32\wintypes.dll
0x00007ffb314e0000 - 0x00007ffb315d1000 	C:\WINDOWS\System32\SHCORE.dll
0x00007ffb32fd0000 - 0x00007ffb3302e000 	C:\WINDOWS\System32\shlwapi.dll
0x00007ffb30560000 - 0x00007ffb30581000 	C:\WINDOWS\SYSTEM32\profapi.dll
0x00007ffb22ed0000 - 0x00007ffb22ee9000 	C:\Program Files\Java\jdk-17.0.4\bin\net.dll
0x00007ffb278f0000 - 0x00007ffb27a27000 	C:\WINDOWS\SYSTEM32\WINHTTP.dll
0x00007ffb2faf0000 - 0x00007ffb2fb59000 	C:\WINDOWS\system32\mswsock.dll
0x00007ffb21ed0000 - 0x00007ffb21ee6000 	C:\Program Files\Java\jdk-17.0.4\bin\nio.dll
0x00007ffb21230000 - 0x00007ffb21248000 	C:\Program Files\Java\jdk-17.0.4\bin\zip.dll
0x00007ffacf800000 - 0x00007ffacf98f000 	C:\Program Files\Java\jdk-17.0.4\bin\awt.dll
0x00007ffb2d7a0000 - 0x00007ffb2d836000 	C:\WINDOWS\SYSTEM32\apphelp.dll
0x00007ffb2dae0000 - 0x00007ffb2db0b000 	C:\WINDOWS\system32\DWMAPI.DLL
0x00007ffb2d8b0000 - 0x00007ffb2d95b000 	C:\WINDOWS\system32\uxtheme.dll
0x00007ffae3f20000 - 0x00007ffae4020000 	C:\WINDOWS\system32\opengl32.dll
0x00007ffae4750000 - 0x00007ffae477d000 	C:\WINDOWS\SYSTEM32\GLU32.dll
0x00007ffb2d990000 - 0x00007ffb2d9c6000 	C:\WINDOWS\SYSTEM32\dxcore.dll
0x00007ffb32ae0000 - 0x00007ffb32bfe000 	C:\WINDOWS\System32\MSCTF.dll
0x00007ffb32d80000 - 0x00007ffb32f1c000 	C:\WINDOWS\System32\ole32.dll
0x00007ffb19580000 - 0x00007ffb19609000 	C:\Program Files\Java\jdk-17.0.4\bin\freetype.dll
0x00007ffae8cf0000 - 0x00007ffae8d98000 	C:\Program Files\Java\jdk-17.0.4\bin\fontmanager.dll
0x00007ffb2f180000 - 0x00007ffb2f273000 	C:\WINDOWS\SYSTEM32\DNSAPI.dll
0x00007ffb2f110000 - 0x00007ffb2f13d000 	C:\WINDOWS\SYSTEM32\IPHLPAPI.DLL
0x00007ffb321a0000 - 0x00007ffb321a9000 	C:\WINDOWS\System32\NSI.dll
0x00007ffb23d70000 - 0x00007ffb23d7a000 	C:\Windows\System32\rasadhlp.dll
0x00007ffb24c70000 - 0x00007ffb24cf3000 	C:\WINDOWS\System32\fwpuclnt.dll
0x00007ffb286d0000 - 0x00007ffb286de000 	C:\Program Files\Java\jdk-17.0.4\bin\sunmscapi.dll
0x00007ffb30cd0000 - 0x00007ffb30e36000 	C:\WINDOWS\System32\CRYPT32.dll
0x00007ffb2fee0000 - 0x00007ffb2ff0e000 	C:\WINDOWS\SYSTEM32\ncrypt.dll
0x00007ffb2fea0000 - 0x00007ffb2fed7000 	C:\WINDOWS\SYSTEM32\NTASN1.dll
0x00007ffb2fd60000 - 0x00007ffb2fd7b000 	C:\WINDOWS\SYSTEM32\CRYPTSP.dll
0x00007ffb2f5c0000 - 0x00007ffb2f5f5000 	C:\WINDOWS\system32\rsaenh.dll
0x00007ffb2fbf0000 - 0x00007ffb2fc18000 	C:\WINDOWS\SYSTEM32\USERENV.dll
0x00007ffb2ff10000 - 0x00007ffb2ff38000 	C:\WINDOWS\SYSTEM32\bcrypt.dll
0x00007ffb2fd50000 - 0x00007ffb2fd5c000 	C:\WINDOWS\SYSTEM32\CRYPTBASE.dll
0x00007ffb278a0000 - 0x00007ffb278b9000 	C:\WINDOWS\SYSTEM32\dhcpcsvc6.DLL
0x00007ffb27880000 - 0x00007ffb2789f000 	C:\WINDOWS\SYSTEM32\dhcpcsvc.DLL
0x00007ffb32cd0000 - 0x00007ffb32d80000 	C:\WINDOWS\System32\clbcatq.dll
0x00007ffb2bfb0000 - 0x00007ffb2c160000 	C:\WINDOWS\SYSTEM32\WindowsCodecs.dll
0x00007ffb1cd00000 - 0x00007ffb1cd5e000 	C:\WINDOWS\system32\dataexchange.dll
0x00007ffb28240000 - 0x00007ffb284aa000 	C:\WINDOWS\system32\twinapi.appcore.dll
0x00007ffb1f040000 - 0x00007ffb1f16e000 	C:\WINDOWS\SYSTEM32\textinputframework.dll
0x00007ffae5870000 - 0x00007ffae5a19000 	C:\WINDOWS\system32\d3d9.dll
0x00007ffb27480000 - 0x00007ffb27658000 	C:\WINDOWS\System32\DriverStore\FileRepository\u0356232.inf_amd64_16a64c116234c4dc\B354183\aticfx64.dll
0x00007ffb222b0000 - 0x00007ffb222e1000 	C:\WINDOWS\System32\DriverStore\FileRepository\u0356232.inf_amd64_16a64c116234c4dc\B354183\atiu9p64.dll
0x00007ffacd340000 - 0x00007ffacdfaa000 	C:\WINDOWS\System32\DriverStore\FileRepository\u0356232.inf_amd64_16a64c116234c4dc\B354183\atiumd64.dll
0x00000000647e0000 - 0x0000000065585000 	C:\WINDOWS\System32\DriverStore\FileRepository\u0356232.inf_amd64_16a64c116234c4dc\B354183\atiumd6a.dll
0x00007ffb30500000 - 0x00007ffb3054d000 	C:\WINDOWS\SYSTEM32\POWRPROF.dll
0x00007ffb304e0000 - 0x00007ffb304f3000 	C:\WINDOWS\SYSTEM32\UMPDC.dll
0x00007ffb24f50000 - 0x00007ffb24f7e000 	C:\WINDOWS\SYSTEM32\amdihk64.dll
0x00007ffb2b380000 - 0x00007ffb2b3c8000 	C:\WINDOWS\SYSTEM32\directxdatabasehelper.dll

dbghelp: loaded successfully - version: 4.0.5 - missing functions: none
symbol engine: initialized successfully - sym options: 0x614 - pdb path: .;C:\Program Files\Java\jdk-17.0.4\bin;C:\WINDOWS\SYSTEM32;C:\WINDOWS\WinSxS\amd64_microsoft.windows.common-controls_6595b64144ccf1df_6.0.22621.608_none_a9444ca7c10bb01d;C:\Program Files\Java\jdk-17.0.4\bin\server;C:\WINDOWS\System32\DriverStore\FileRepository\u0356232.inf_amd64_16a64c116234c4dc\B354183

VM Arguments:
jvm_args: -Dfile.encoding=UTF-8 --module-path=C:\Users\user\Documents\NetBeansProjects\Travel management system\build\classes 
java_command: travel.management.system.BookPackage
java_class_path (initial): C:\Program Files (x86)\MySQL\Connector J 8.0\mysql-connector-j-8.0.33.jar;C:\Users\user\Documents\NetBeansProjects\Travel management system\build\classes
Launcher Type: SUN_STANDARD

[Global flags]
     intx CICompilerCount                          = 4                                         {product} {ergonomic}
     uint ConcGCThreads                            = 2                                         {product} {ergonomic}
     uint G1ConcRefinementThreads                  = 8                                         {product} {ergonomic}
   size_t G1HeapRegionSize                         = 1048576                                   {product} {ergonomic}
    uintx GCDrainStackTargetSize                   = 64                                        {product} {ergonomic}
   size_t InitialHeapSize                          = 100663296                                 {product} {ergonomic}
   size_t MarkStackSize                            = 4194304                                   {product} {ergonomic}
   size_t MaxHeapSize                              = 1579155456                                {product} {ergonomic}
   size_t MaxNewSize                               = 946864128                                 {product} {ergonomic}
   size_t MinHeapDeltaBytes                        = 1048576                                   {product} {ergonomic}
   size_t MinHeapSize                              = 8388608                                   {product} {ergonomic}
    uintx NonNMethodCodeHeapSize                   = 5839372                                {pd product} {ergonomic}
    uintx NonProfiledCodeHeapSize                  = 122909434                              {pd product} {ergonomic}
    uintx ProfiledCodeHeapSize                     = 122909434                              {pd product} {ergonomic}
    uintx ReservedCodeCacheSize                    = 251658240                              {pd product} {ergonomic}
     bool SegmentedCodeCache                       = true                                      {product} {ergonomic}
   size_t SoftMaxHeapSize                          = 1579155456                             {manageable} {ergonomic}
     bool UseCompressedClassPointers               = true                           {product lp64_product} {ergonomic}
     bool UseCompressedOops                        = true                           {product lp64_product} {ergonomic}
     bool UseG1GC                                  = true                                      {product} {ergonomic}
     bool UseLargePagesIndividualAllocation        = false                                  {pd product} {ergonomic}

Logging:
Log output configuration:
 #0: stdout all=warning uptime,level,tags
 #1: stderr all=off uptime,level,tags

Environment Variables:
JAVA_HOME=C:\Program Files\Java\jdk-17.0.4
PATH=C:\Program Files\Eclipse Adoptium\jdk-17.0.6.10-hotspot\bin;C:\Program Files\Common Files\Oracle\Java\javapath;C:\Program Files (x86)\Common Files\Oracle\Java\javapath;C:\Program Files (x86)\Common Files\Intel\Shared Libraries\redist\intel64_win\compiler;C:\ProgramData\Oracle\Java\javapath;C:\WINDOWS\system32;C:\WINDOWS;C:\WINDOWS\System32\Wbem;C:\WINDOWS\System32\WindowsPowerShell\v1.0\;C:\WINDOWS\System32\OpenSSH\;C:\MinGW\bin;C:\Program Files\Microsoft VS Code\bin;C:\Program Files\Go\bin;C:\ProgramData\chocolatey\bin;C:\tools\php81;C:\Program Files\Microsoft SQL Server\130\Tools\Binn\;C:\Program Files\Microsoft SQL Server\150\Tools\Binn\;C:\Program Files\Microsoft SQL Server\Client SDK\ODBC\170\Tools\Binn\;C:\Program Files\dotnet\;C:\Program Files\Java\jdk-17.0.4\bin;C:\Program Files\MySQL\MySQL Server 8.0\bin;C:\Users\user\AppData\Local\Programs\Python\Python311\Scripts;C:\Users\user\AppData\Local\Programs\Python\Python311;C:\WINDOWS\system32;C:\WINDOWS;C:\WINDOWS\System32\Wbem;C:\WINDOWS\System32\WindowsPowerShell\v1.0\;C:\WINDOWS\System32\OpenSSH\;C:\tools\php82;C:\Program Files\nodejs\;C:\Program Files\Git\cmd;C:\Program Files\PowerShell\7\;C:\Program Files\PuTTY\;C:\Program Files\MySQL\MySQL Shell 8.0\bin\;C:\Users\user\AppData\Local\Programs\Python\Python311\Scripts\;C:\Users\user\AppData\Local\Programs\Python\Python311\;C:\Users\user\.cargo\bin;C:\Users\user\AppData\Local\Microsoft\WindowsApps;C:\Users\user\go\bin;C:\Program Files\heroku\bin;%PyCharm Community Edition%;C:\Users\user\.dotnet\tools;C:\Users\user\AppData\Roaming\npm
USERNAME=user
OS=Windows_NT
PROCESSOR_IDENTIFIER=AMD64 Family 23 Model 24 Stepping 1, AuthenticAMD



---------------  S Y S T E M  ---------------

OS:
 Windows 11 , 64 bit Build 22621 (10.0.22621.1485)
OS uptime: 11 days 20:55 hours
Hyper-V role detected

CPU: total 8 (initial active 8) (8 cores per cpu, 2 threads per core) family 23 model 24 stepping 1 microcode 0x0, cx8, cmov, fxsr, ht, mmx, 3dnowpref, sse, sse2, sse3, ssse3, sse4a, sse4.1, sse4.2, popcnt, lzcnt, tsc, tscinvbit, avx, avx2, aes, clmul, bmi1, bmi2, adx, sha, fma, vzeroupper, clflush, clflushopt, hv

Memory: 4k page, system-wide physical 6020M (196M free)
TotalPageFile size 24452M (AvailPageFile size 34M)
current process WorkingSet (physical memory assigned to process): 36M, peak: 124M
current process commit charge ("private bytes"): 239M, peak: 249M

vm_info: Java HotSpot(TM) 64-Bit Server VM (17.0.4+11-LTS-179) for windows-amd64 JRE (17.0.4+11-LTS-179), built on Jun 28 2022 08:23:05 by "mach5one" with MS VC++ 16.8 / 16.9 (VS2019)

END.
