#
# There is insufficient memory for the Java Runtime Environment to continue.
# Native memory allocation (malloc) failed to allocate 32744 bytes for ChunkPool::allocate
# Possible reasons:
#   The system is out of physical RAM or swap space
#   The process is running with CompressedOops enabled, and the Java Heap may be blocking the growth of the native heap
# Possible solutions:
#   Reduce memory load on the system
#   Increase physical memory or swap space
#   Check if swap backing store is full
#   Decrease Java heap size (-Xmx/-Xms)
#   Decrease number of Java threads
#   Decrease Java thread stack sizes (-Xss)
#   Set larger code cache with -XX:ReservedCodeCacheSize=
#   JVM is running with Unscaled Compressed Oops mode in which the Java heap is
#     placed in the first 4GB address space. The Java Heap base address is the
#     maximum limit for the native heap growth. Please use -XX:HeapBaseMinAddress
#     to set the Java Heap base and to place the Java Heap above 4GB virtual address.
# This output file may be truncated or incomplete.
#
#  Out of Memory Error (arena.cpp:78), pid=23180, tid=27572
#
# JRE version: Java(TM) SE Runtime Environment (17.0.4+11) (build 17.0.4+11-LTS-179)
# Java VM: Java HotSpot(TM) 64-Bit Server VM (17.0.4+11-LTS-179, mixed mode, sharing, tiered, compressed oops, compressed class ptrs, g1 gc, windows-amd64)
# No core dump will be written. Minidumps are not enabled by default on client versions of Windows
#

---------------  S U M M A R Y ------------

Command Line: -Dfile.encoding=UTF-8 --module-path=C:\Users\user\Documents\NetBeansProjects\Travel management system\build\classes travel.management.system.Dashboard

Host: AMD Ryzen 5 3500U with Radeon Vega Mobile Gfx  , 8 cores, 5G,  Windows 11 , 64 bit Build 22621 (10.0.22621.1485)
Time: Mon Apr 24 10:59:46 2023 India Standard Time elapsed time: 1.978692 seconds (0d 0h 0m 1s)

---------------  T H R E A D  ---------------

Current thread (0x00000280ad0fa480):  JavaThread "C2 CompilerThread0" daemon [_thread_in_native, id=27572, stack(0x000000997d500000,0x000000997d600000)]


Current CompileTask:
C2:   1978 1152   !   4       sun.font.TrueTypeFont::getTableBuffer (215 bytes)

Stack: [0x000000997d500000,0x000000997d600000]
Native frames: (J=compiled Java code, j=interpreted, Vv=VM code, C=native code)
V  [jvm.dll+0x6723da]
V  [jvm.dll+0x7d1f74]
V  [jvm.dll+0x7d371e]
V  [jvm.dll+0x7d3d83]
V  [jvm.dll+0x242ed5]
V  [jvm.dll+0xaa7c0]
V  [jvm.dll+0xaab0c]
V  [jvm.dll+0x11bb88]
V  [jvm.dll+0x69b891]
V  [jvm.dll+0x1b9fe4]
V  [jvm.dll+0x216149]
V  [jvm.dll+0x215411]
V  [jvm.dll+0x1a1fcd]
V  [jvm.dll+0x224c78]
V  [jvm.dll+0x222de5]
V  [jvm.dll+0x787a5b]
V  [jvm.dll+0x78201a]
V  [jvm.dll+0x671265]
C  [ucrtbase.dll+0x29363]
C  [KERNEL32.DLL+0x1269d]
C  [ntdll.dll+0x5a9f8]


---------------  P R O C E S S  ---------------

Threads class SMR info:
_java_thread_list=0x00000280b295c510, length=19, elements={
0x00000280ad0dbd90, 0x00000280ad0dd750, 0x00000280ad0ed1a0, 0x00000280ad0efb60,
0x00000280ad0f0510, 0x00000280ad0f0ec0, 0x00000280ad0fa480, 0x00000280ad0fb330,
0x00000280ad104af0, 0x00000280ad0c51a0, 0x00000280adce9680, 0x00000280addaaf20,
0x00000280adedb5a0, 0x00000280addab3f0, 0x00000280b271ba30, 0x00000280b27f52b0,
0x00000280b27faa70, 0x000002809034f850, 0x00000280b2956ce0
}

Java Threads: ( => current thread )
  0x00000280ad0dbd90 JavaThread "Reference Handler" daemon [_thread_blocked, id=7092, stack(0x000000997cf00000,0x000000997d000000)]
  0x00000280ad0dd750 JavaThread "Finalizer" daemon [_thread_blocked, id=9912, stack(0x000000997d000000,0x000000997d100000)]
  0x00000280ad0ed1a0 JavaThread "Signal Dispatcher" daemon [_thread_blocked, id=13584, stack(0x000000997d100000,0x000000997d200000)]
  0x00000280ad0efb60 JavaThread "Attach Listener" daemon [_thread_blocked, id=14008, stack(0x000000997d200000,0x000000997d300000)]
  0x00000280ad0f0510 JavaThread "Service Thread" daemon [_thread_blocked, id=21164, stack(0x000000997d300000,0x000000997d400000)]
  0x00000280ad0f0ec0 JavaThread "Monitor Deflation Thread" daemon [_thread_blocked, id=31116, stack(0x000000997d400000,0x000000997d500000)]
=>0x00000280ad0fa480 JavaThread "C2 CompilerThread0" daemon [_thread_in_native, id=27572, stack(0x000000997d500000,0x000000997d600000)]
  0x00000280ad0fb330 JavaThread "C1 CompilerThread0" daemon [_thread_blocked, id=15588, stack(0x000000997d600000,0x000000997d700000)]
  0x00000280ad104af0 JavaThread "Sweeper thread" daemon [_thread_blocked, id=13856, stack(0x000000997d700000,0x000000997d800000)]
  0x00000280ad0c51a0 JavaThread "Common-Cleaner" daemon [_thread_blocked, id=11896, stack(0x000000997d800000,0x000000997d900000)]
  0x00000280adce9680 JavaThread "Notification Thread" daemon [_thread_blocked, id=8772, stack(0x000000997d900000,0x000000997da00000)]
  0x00000280addaaf20 JavaThread "Java2D Disposer" daemon [_thread_blocked, id=17956, stack(0x000000997db00000,0x000000997dc00000)]
  0x00000280adedb5a0 JavaThread "AWT-Shutdown" [_thread_blocked, id=18928, stack(0x000000997dc00000,0x000000997dd00000)]
  0x00000280addab3f0 JavaThread "AWT-Windows" daemon [_thread_in_native, id=19376, stack(0x000000997dd00000,0x000000997de00000)]
  0x00000280b271ba30 JavaThread "Image Fetcher 0" daemon [_thread_blocked, id=28612, stack(0x000000997e600000,0x000000997e700000)]
  0x00000280b27f52b0 JavaThread "Image Fetcher 1" daemon [_thread_blocked, id=7500, stack(0x000000997e700000,0x000000997e800000)]
  0x00000280b27faa70 JavaThread "AWT-EventQueue-0" [_thread_in_native, id=20140, stack(0x000000997e800000,0x000000997e900000)]
  0x000002809034f850 JavaThread "DestroyJavaVM" [_thread_blocked, id=29432, stack(0x000000997c800000,0x000000997c900000)]
  0x00000280b2956ce0 JavaThread "D3D Screen Updater" daemon [_thread_blocked, id=10672, stack(0x000000997e900000,0x000000997ea00000)]

Other Threads:
  0x00000280ad0d5ff0 VMThread "VM Thread" [stack: 0x000000997ce00000,0x000000997cf00000] [id=27620]
  0x00000280903b1330 WatcherThread [stack: 0x000000997da00000,0x000000997db00000] [id=29896]
  0x0000028090399270 GCTaskThread "GC Thread#0" [stack: 0x000000997c900000,0x000000997ca00000] [id=19596]
  0x00000280b28f27c0 GCTaskThread "GC Thread#1" [stack: 0x000000997ea00000,0x000000997eb00000] [id=22620]
  0x00000280b28f2a70 GCTaskThread "GC Thread#2" [stack: 0x000000997eb00000,0x000000997ec00000] [id=30020]
  0x00000280b28f2d20 GCTaskThread "GC Thread#3" [stack: 0x000000997ec00000,0x000000997ed00000] [id=25392]
  0x00000280b28f5a90 GCTaskThread "GC Thread#4" [stack: 0x000000997ed00000,0x000000997ee00000] [id=20364]
  0x00000280b28f7060 GCTaskThread "GC Thread#5" [stack: 0x000000997ee00000,0x000000997ef00000] [id=8056]
  0x00000280b28f75c0 GCTaskThread "GC Thread#6" [stack: 0x000000997ef00000,0x000000997f000000] [id=25448]
  0x00000280b28f7310 GCTaskThread "GC Thread#7" [stack: 0x000000997f000000,0x000000997f100000] [id=30732]
  0x00000280903a7e70 ConcurrentGCThread "G1 Main Marker" [stack: 0x000000997ca00000,0x000000997cb00000] [id=26376]
  0x00000280903a9f30 ConcurrentGCThread "G1 Conc#0" [stack: 0x000000997cb00000,0x000000997cc00000] [id=9952]
  0x0000028090412650 ConcurrentGCThread "G1 Refine#0" [stack: 0x000000997cc00000,0x000000997cd00000] [id=21708]
  0x0000028090412f70 ConcurrentGCThread "G1 Service" [stack: 0x000000997cd00000,0x000000997ce00000] [id=2604]

Threads with active compile tasks:
C2 CompilerThread0     2031 1152   !   4       sun.font.TrueTypeFont::getTableBuffer (215 bytes)

VM state: not at safepoint (normal execution)

VM Mutex/Monitor currently owned by a thread: None

Heap address: 0x00000000a1e00000, size: 1506 MB, Compressed Oops mode: 32-bit

CDS archive(s) mapped at: [0x0000000800000000-0x0000000800bc0000-0x0000000800bc0000), size 12320768, SharedBaseAddress: 0x0000000800000000, ArchiveRelocationMode: 0.
Compressed class space mapped at: 0x0000000800c00000-0x0000000840c00000, reserved size: 1073741824
Narrow klass base: 0x0000000800000000, Narrow klass shift: 0, Narrow klass range: 0x100000000

GC Precious Log:
 CPUs: 8 total, 8 available
 Memory: 6020M
 Large Page Support: Disabled
 NUMA Support: Disabled
 Compressed Oops: Enabled (32-bit)
 Heap Region Size: 1M
 Heap Min Capacity: 8M
 Heap Initial Capacity: 96M
 Heap Max Capacity: 1506M
 Pre-touch: Disabled
 Parallel Workers: 8
 Concurrent Workers: 2
 Concurrent Refinement Workers: 8
 Periodic GC: Disabled

Heap:
 garbage-first heap   total 98304K, used 22092K [0x00000000a1e00000, 0x0000000100000000)
  region size 1024K, 10 young (10240K), 3 survivors (3072K)
 Metaspace       used 7146K, committed 7360K, reserved 1056768K
  class space    used 771K, committed 896K, reserved 1048576K

Heap Regions: E=young(eden), S=young(survivor), O=old, HS=humongous(starts), HC=humongous(continues), CS=collection set, F=free, OA=open archive, CA=closed archive, TAMS=top-at-mark-start (previous, next)
|   0|0x00000000a1e00000, 0x00000000a1f00000, 0x00000000a1f00000|100%|HS|  |TAMS 0x00000000a1e00000, 0x00000000a1e00000| Complete 
|   1|0x00000000a1f00000, 0x00000000a2000000, 0x00000000a2000000|100%|HC|  |TAMS 0x00000000a1f00000, 0x00000000a1f00000| Complete 
|   2|0x00000000a2000000, 0x00000000a2100000, 0x00000000a2100000|100%|HC|  |TAMS 0x00000000a2000000, 0x00000000a2000000| Complete 
|   3|0x00000000a2100000, 0x00000000a2200000, 0x00000000a2200000|100%|HC|  |TAMS 0x00000000a2100000, 0x00000000a2100000| Complete 
|   4|0x00000000a2200000, 0x00000000a2300000, 0x00000000a2300000|100%|HC|  |TAMS 0x00000000a2200000, 0x00000000a2200000| Complete 
|   5|0x00000000a2300000, 0x00000000a2400000, 0x00000000a2400000|100%|HS|  |TAMS 0x00000000a2300000, 0x00000000a2300000| Complete 
|   6|0x00000000a2400000, 0x00000000a2500000, 0x00000000a2500000|100%|HC|  |TAMS 0x00000000a2400000, 0x00000000a2400000| Complete 
|   7|0x00000000a2500000, 0x00000000a2600000, 0x00000000a2600000|100%|HC|  |TAMS 0x00000000a2500000, 0x00000000a2500000| Complete 
|   8|0x00000000a2600000, 0x00000000a2700000, 0x00000000a2700000|100%|HC|  |TAMS 0x00000000a2600000, 0x00000000a2600000| Complete 
|   9|0x00000000a2700000, 0x00000000a2800000, 0x00000000a2800000|100%|HC|  |TAMS 0x00000000a2700000, 0x00000000a2700000| Complete 
|  10|0x00000000a2800000, 0x00000000a2900000, 0x00000000a2900000|100%|HC|  |TAMS 0x00000000a2800000, 0x00000000a2800000| Complete 
|  11|0x00000000a2900000, 0x00000000a2a00000, 0x00000000a2a00000|100%|HC|  |TAMS 0x00000000a2900000, 0x00000000a2900000| Complete 
|  12|0x00000000a2a00000, 0x00000000a2a93200, 0x00000000a2b00000| 57%| O|  |TAMS 0x00000000a2a00000, 0x00000000a2a00000| Untracked 
|  13|0x00000000a2b00000, 0x00000000a2b00000, 0x00000000a2c00000|  0%| F|  |TAMS 0x00000000a2b00000, 0x00000000a2b00000| Untracked 
|  14|0x00000000a2c00000, 0x00000000a2c00000, 0x00000000a2d00000|  0%| F|  |TAMS 0x00000000a2c00000, 0x00000000a2c00000| Untracked 
|  15|0x00000000a2d00000, 0x00000000a2d00000, 0x00000000a2e00000|  0%| F|  |TAMS 0x00000000a2d00000, 0x00000000a2d00000| Untracked 
|  16|0x00000000a2e00000, 0x00000000a2e00000, 0x00000000a2f00000|  0%| F|  |TAMS 0x00000000a2e00000, 0x00000000a2e00000| Untracked 
|  17|0x00000000a2f00000, 0x00000000a2f00000, 0x00000000a3000000|  0%| F|  |TAMS 0x00000000a2f00000, 0x00000000a2f00000| Untracked 
|  18|0x00000000a3000000, 0x00000000a3000000, 0x00000000a3100000|  0%| F|  |TAMS 0x00000000a3000000, 0x00000000a3000000| Untracked 
|  19|0x00000000a3100000, 0x00000000a3100000, 0x00000000a3200000|  0%| F|  |TAMS 0x00000000a3100000, 0x00000000a3100000| Untracked 
|  20|0x00000000a3200000, 0x00000000a3200000, 0x00000000a3300000|  0%| F|  |TAMS 0x00000000a3200000, 0x00000000a3200000| Untracked 
|  21|0x00000000a3300000, 0x00000000a3300000, 0x00000000a3400000|  0%| F|  |TAMS 0x00000000a3300000, 0x00000000a3300000| Untracked 
|  22|0x00000000a3400000, 0x00000000a3400000, 0x00000000a3500000|  0%| F|  |TAMS 0x00000000a3400000, 0x00000000a3400000| Untracked 
|  23|0x00000000a3500000, 0x00000000a3500000, 0x00000000a3600000|  0%| F|  |TAMS 0x00000000a3500000, 0x00000000a3500000| Untracked 
|  24|0x00000000a3600000, 0x00000000a3600000, 0x00000000a3700000|  0%| F|  |TAMS 0x00000000a3600000, 0x00000000a3600000| Untracked 
|  25|0x00000000a3700000, 0x00000000a3700000, 0x00000000a3800000|  0%| F|  |TAMS 0x00000000a3700000, 0x00000000a3700000| Untracked 
|  26|0x00000000a3800000, 0x00000000a3800000, 0x00000000a3900000|  0%| F|  |TAMS 0x00000000a3800000, 0x00000000a3800000| Untracked 
|  27|0x00000000a3900000, 0x00000000a3900000, 0x00000000a3a00000|  0%| F|  |TAMS 0x00000000a3900000, 0x00000000a3900000| Untracked 
|  28|0x00000000a3a00000, 0x00000000a3a00000, 0x00000000a3b00000|  0%| F|  |TAMS 0x00000000a3a00000, 0x00000000a3a00000| Untracked 
|  29|0x00000000a3b00000, 0x00000000a3b00000, 0x00000000a3c00000|  0%| F|  |TAMS 0x00000000a3b00000, 0x00000000a3b00000| Untracked 
|  30|0x00000000a3c00000, 0x00000000a3c00000, 0x00000000a3d00000|  0%| F|  |TAMS 0x00000000a3c00000, 0x00000000a3c00000| Untracked 
|  31|0x00000000a3d00000, 0x00000000a3d00000, 0x00000000a3e00000|  0%| F|  |TAMS 0x00000000a3d00000, 0x00000000a3d00000| Untracked 
|  32|0x00000000a3e00000, 0x00000000a3e00000, 0x00000000a3f00000|  0%| F|  |TAMS 0x00000000a3e00000, 0x00000000a3e00000| Untracked 
|  33|0x00000000a3f00000, 0x00000000a3f00000, 0x00000000a4000000|  0%| F|  |TAMS 0x00000000a3f00000, 0x00000000a3f00000| Untracked 
|  34|0x00000000a4000000, 0x00000000a4000000, 0x00000000a4100000|  0%| F|  |TAMS 0x00000000a4000000, 0x00000000a4000000| Untracked 
|  35|0x00000000a4100000, 0x00000000a4100000, 0x00000000a4200000|  0%| F|  |TAMS 0x00000000a4100000, 0x00000000a4100000| Untracked 
|  36|0x00000000a4200000, 0x00000000a4200000, 0x00000000a4300000|  0%| F|  |TAMS 0x00000000a4200000, 0x00000000a4200000| Untracked 
|  37|0x00000000a4300000, 0x00000000a4300000, 0x00000000a4400000|  0%| F|  |TAMS 0x00000000a4300000, 0x00000000a4300000| Untracked 
|  38|0x00000000a4400000, 0x00000000a4400000, 0x00000000a4500000|  0%| F|  |TAMS 0x00000000a4400000, 0x00000000a4400000| Untracked 
|  39|0x00000000a4500000, 0x00000000a4500000, 0x00000000a4600000|  0%| F|  |TAMS 0x00000000a4500000, 0x00000000a4500000| Untracked 
|  40|0x00000000a4600000, 0x00000000a4600000, 0x00000000a4700000|  0%| F|  |TAMS 0x00000000a4600000, 0x00000000a4600000| Untracked 
|  41|0x00000000a4700000, 0x00000000a4700000, 0x00000000a4800000|  0%| F|  |TAMS 0x00000000a4700000, 0x00000000a4700000| Untracked 
|  42|0x00000000a4800000, 0x00000000a4800000, 0x00000000a4900000|  0%| F|  |TAMS 0x00000000a4800000, 0x00000000a4800000| Untracked 
|  43|0x00000000a4900000, 0x00000000a4900000, 0x00000000a4a00000|  0%| F|  |TAMS 0x00000000a4900000, 0x00000000a4900000| Untracked 
|  44|0x00000000a4a00000, 0x00000000a4a00000, 0x00000000a4b00000|  0%| F|  |TAMS 0x00000000a4a00000, 0x00000000a4a00000| Untracked 
|  45|0x00000000a4b00000, 0x00000000a4b00000, 0x00000000a4c00000|  0%| F|  |TAMS 0x00000000a4b00000, 0x00000000a4b00000| Untracked 
|  46|0x00000000a4c00000, 0x00000000a4c00000, 0x00000000a4d00000|  0%| F|  |TAMS 0x00000000a4c00000, 0x00000000a4c00000| Untracked 
|  47|0x00000000a4d00000, 0x00000000a4d00000, 0x00000000a4e00000|  0%| F|  |TAMS 0x00000000a4d00000, 0x00000000a4d00000| Untracked 
|  48|0x00000000a4e00000, 0x00000000a4e00000, 0x00000000a4f00000|  0%| F|  |TAMS 0x00000000a4e00000, 0x00000000a4e00000| Untracked 
|  49|0x00000000a4f00000, 0x00000000a4f00000, 0x00000000a5000000|  0%| F|  |TAMS 0x00000000a4f00000, 0x00000000a4f00000| Untracked 
|  50|0x00000000a5000000, 0x00000000a5000000, 0x00000000a5100000|  0%| F|  |TAMS 0x00000000a5000000, 0x00000000a5000000| Untracked 
|  51|0x00000000a5100000, 0x00000000a5100000, 0x00000000a5200000|  0%| F|  |TAMS 0x00000000a5100000, 0x00000000a5100000| Untracked 
|  52|0x00000000a5200000, 0x00000000a5200000, 0x00000000a5300000|  0%| F|  |TAMS 0x00000000a5200000, 0x00000000a5200000| Untracked 
|  53|0x00000000a5300000, 0x00000000a5300000, 0x00000000a5400000|  0%| F|  |TAMS 0x00000000a5300000, 0x00000000a5300000| Untracked 
|  54|0x00000000a5400000, 0x00000000a5400000, 0x00000000a5500000|  0%| F|  |TAMS 0x00000000a5400000, 0x00000000a5400000| Untracked 
|  55|0x00000000a5500000, 0x00000000a5500000, 0x00000000a5600000|  0%| F|  |TAMS 0x00000000a5500000, 0x00000000a5500000| Untracked 
|  56|0x00000000a5600000, 0x00000000a5600000, 0x00000000a5700000|  0%| F|  |TAMS 0x00000000a5600000, 0x00000000a5600000| Untracked 
|  57|0x00000000a5700000, 0x00000000a5700000, 0x00000000a5800000|  0%| F|  |TAMS 0x00000000a5700000, 0x00000000a5700000| Untracked 
|  58|0x00000000a5800000, 0x00000000a5800000, 0x00000000a5900000|  0%| F|  |TAMS 0x00000000a5800000, 0x00000000a5800000| Untracked 
|  59|0x00000000a5900000, 0x00000000a5900000, 0x00000000a5a00000|  0%| F|  |TAMS 0x00000000a5900000, 0x00000000a5900000| Untracked 
|  60|0x00000000a5a00000, 0x00000000a5a00000, 0x00000000a5b00000|  0%| F|  |TAMS 0x00000000a5a00000, 0x00000000a5a00000| Untracked 
|  61|0x00000000a5b00000, 0x00000000a5b00000, 0x00000000a5c00000|  0%| F|  |TAMS 0x00000000a5b00000, 0x00000000a5b00000| Untracked 
|  62|0x00000000a5c00000, 0x00000000a5c00000, 0x00000000a5d00000|  0%| F|  |TAMS 0x00000000a5c00000, 0x00000000a5c00000| Untracked 
|  63|0x00000000a5d00000, 0x00000000a5d00000, 0x00000000a5e00000|  0%| F|  |TAMS 0x00000000a5d00000, 0x00000000a5d00000| Untracked 
|  64|0x00000000a5e00000, 0x00000000a5e00000, 0x00000000a5f00000|  0%| F|  |TAMS 0x00000000a5e00000, 0x00000000a5e00000| Untracked 
|  65|0x00000000a5f00000, 0x00000000a5f00000, 0x00000000a6000000|  0%| F|  |TAMS 0x00000000a5f00000, 0x00000000a5f00000| Untracked 
|  66|0x00000000a6000000, 0x00000000a6000000, 0x00000000a6100000|  0%| F|  |TAMS 0x00000000a6000000, 0x00000000a6000000| Untracked 
|  67|0x00000000a6100000, 0x00000000a6100000, 0x00000000a6200000|  0%| F|  |TAMS 0x00000000a6100000, 0x00000000a6100000| Untracked 
|  68|0x00000000a6200000, 0x00000000a6200000, 0x00000000a6300000|  0%| F|  |TAMS 0x00000000a6200000, 0x00000000a6200000| Untracked 
|  69|0x00000000a6300000, 0x00000000a6300000, 0x00000000a6400000|  0%| F|  |TAMS 0x00000000a6300000, 0x00000000a6300000| Untracked 
|  70|0x00000000a6400000, 0x00000000a6500000, 0x00000000a6500000|100%| S|CS|TAMS 0x00000000a6400000, 0x00000000a6400000| Complete 
|  71|0x00000000a6500000, 0x00000000a6600000, 0x00000000a6600000|100%| S|CS|TAMS 0x00000000a6500000, 0x00000000a6500000| Complete 
|  72|0x00000000a6600000, 0x00000000a6700000, 0x00000000a6700000|100%| S|CS|TAMS 0x00000000a6600000, 0x00000000a6600000| Complete 
|  73|0x00000000a6700000, 0x00000000a6700000, 0x00000000a6800000|  0%| F|  |TAMS 0x00000000a6700000, 0x00000000a6700000| Untracked 
|  74|0x00000000a6800000, 0x00000000a6800000, 0x00000000a6900000|  0%| F|  |TAMS 0x00000000a6800000, 0x00000000a6800000| Untracked 
|  75|0x00000000a6900000, 0x00000000a6900000, 0x00000000a6a00000|  0%| F|  |TAMS 0x00000000a6900000, 0x00000000a6900000| Untracked 
|  76|0x00000000a6a00000, 0x00000000a6a00000, 0x00000000a6b00000|  0%| F|  |TAMS 0x00000000a6a00000, 0x00000000a6a00000| Untracked 
|  77|0x00000000a6b00000, 0x00000000a6b00000, 0x00000000a6c00000|  0%| F|  |TAMS 0x00000000a6b00000, 0x00000000a6b00000| Untracked 
|  78|0x00000000a6c00000, 0x00000000a6c00000, 0x00000000a6d00000|  0%| F|  |TAMS 0x00000000a6c00000, 0x00000000a6c00000| Untracked 
|  79|0x00000000a6d00000, 0x00000000a6d00000, 0x00000000a6e00000|  0%| F|  |TAMS 0x00000000a6d00000, 0x00000000a6d00000| Untracked 
|  80|0x00000000a6e00000, 0x00000000a6e00000, 0x00000000a6f00000|  0%| F|  |TAMS 0x00000000a6e00000, 0x00000000a6e00000| Untracked 
|  81|0x00000000a6f00000, 0x00000000a6f00000, 0x00000000a7000000|  0%| F|  |TAMS 0x00000000a6f00000, 0x00000000a6f00000| Untracked 
|  82|0x00000000a7000000, 0x00000000a7000000, 0x00000000a7100000|  0%| F|  |TAMS 0x00000000a7000000, 0x00000000a7000000| Untracked 
|  83|0x00000000a7100000, 0x00000000a7100000, 0x00000000a7200000|  0%| F|  |TAMS 0x00000000a7100000, 0x00000000a7100000| Untracked 
|  84|0x00000000a7200000, 0x00000000a7200000, 0x00000000a7300000|  0%| F|  |TAMS 0x00000000a7200000, 0x00000000a7200000| Untracked 
|  85|0x00000000a7300000, 0x00000000a7300000, 0x00000000a7400000|  0%| F|  |TAMS 0x00000000a7300000, 0x00000000a7300000| Untracked 
|  86|0x00000000a7400000, 0x00000000a7400000, 0x00000000a7500000|  0%| F|  |TAMS 0x00000000a7400000, 0x00000000a7400000| Untracked 
|  87|0x00000000a7500000, 0x00000000a7500000, 0x00000000a7600000|  0%| F|  |TAMS 0x00000000a7500000, 0x00000000a7500000| Untracked 
|  88|0x00000000a7600000, 0x00000000a7600000, 0x00000000a7700000|  0%| F|  |TAMS 0x00000000a7600000, 0x00000000a7600000| Untracked 
|  89|0x00000000a7700000, 0x00000000a7759c20, 0x00000000a7800000| 35%| E|  |TAMS 0x00000000a7700000, 0x00000000a7700000| Complete 
|  90|0x00000000a7800000, 0x00000000a7900000, 0x00000000a7900000|100%| E|CS|TAMS 0x00000000a7800000, 0x00000000a7800000| Complete 
|  91|0x00000000a7900000, 0x00000000a7a00000, 0x00000000a7a00000|100%| E|CS|TAMS 0x00000000a7900000, 0x00000000a7900000| Complete 
|  92|0x00000000a7a00000, 0x00000000a7b00000, 0x00000000a7b00000|100%| E|CS|TAMS 0x00000000a7a00000, 0x00000000a7a00000| Complete 
|  93|0x00000000a7b00000, 0x00000000a7c00000, 0x00000000a7c00000|100%| E|CS|TAMS 0x00000000a7b00000, 0x00000000a7b00000| Complete 
|  94|0x00000000a7c00000, 0x00000000a7d00000, 0x00000000a7d00000|100%| E|CS|TAMS 0x00000000a7c00000, 0x00000000a7c00000| Complete 
|  95|0x00000000a7d00000, 0x00000000a7e00000, 0x00000000a7e00000|100%| E|CS|TAMS 0x00000000a7d00000, 0x00000000a7d00000| Complete 

Card table byte_map: [0x00000280a71f0000,0x00000280a74f0000] _byte_map_base: 0x00000280a6ce1000

Marking Bits (Prev, Next): (CMBitMap*) 0x0000028090399780, (CMBitMap*) 0x00000280903997c0
 Prev Bits: [0x00000280a77f0000, 0x00000280a8f78000)
 Next Bits: [0x00000280a8f80000, 0x00000280aa708000)

Polling page: 0x000002808fb20000

Metaspace:

Usage:
  Non-class:      6.23 MB used.
      Class:    771.38 KB used.
       Both:      6.98 MB used.

Virtual space:
  Non-class space:        8.00 MB reserved,       6.31 MB ( 79%) committed,  1 nodes.
      Class space:        1.00 GB reserved,     896.00 KB ( <1%) committed,  1 nodes.
             Both:        1.01 GB reserved,       7.19 MB ( <1%) committed. 

Chunk freelists:
   Non-Class:  1.00 MB
       Class:  3.12 MB
        Both:  4.12 MB

MaxMetaspaceSize: unlimited
CompressedClassSpaceSize: 1.00 GB
Initial GC threshold: 21.00 MB
Current GC threshold: 21.00 MB
CDS: on
MetaspaceReclaimPolicy: balanced
 - commit_granule_bytes: 65536.
 - commit_granule_words: 8192.
 - virtual_space_node_default_size: 1048576.
 - enlarge_chunks_in_place: 1.
 - new_chunks_are_fully_committed: 0.
 - uncommit_free_chunks: 1.
 - use_allocation_guard: 0.
 - handle_deallocations: 1.


Internal statistics:

num_allocs_failed_limit: 0.
num_arena_births: 118.
num_arena_deaths: 0.
num_vsnodes_births: 2.
num_vsnodes_deaths: 0.
num_space_committed: 115.
num_space_uncommitted: 0.
num_chunks_returned_to_freelist: 0.
num_chunks_taken_from_freelist: 168.
num_chunk_merges: 0.
num_chunk_splits: 89.
num_chunks_enlarged: 21.
num_purges: 0.
num_inconsistent_stats: 0.

CodeHeap 'non-profiled nmethods': size=120000Kb used=313Kb max_used=313Kb free=119686Kb
 bounds [0x000002809f690000, 0x000002809f900000, 0x00000280a6bc0000]
CodeHeap 'profiled nmethods': size=120000Kb used=2045Kb max_used=2045Kb free=117955Kb
 bounds [0x0000028098160000, 0x00000280983d0000, 0x000002809f690000]
CodeHeap 'non-nmethods': size=5760Kb used=1266Kb max_used=1282Kb free=4493Kb
 bounds [0x0000028097bc0000, 0x0000028097e30000, 0x0000028098160000]
 total_blobs=1780 nmethods=1190 adapters=503
 compilation: enabled
              stopped_count=0, restarted_count=0
 full_count=0

Compilation events (20 events):
Event: 1.941 Thread 0x00000280ad0fb330 1186       3       java.lang.Double::doubleToLongBits (16 bytes)
Event: 1.942 Thread 0x00000280ad0fb330 nmethod 1186 0x000002809835b190 code [0x000002809835b340, 0x000002809835b598]
Event: 1.942 Thread 0x00000280ad0fb330 1187   !   3       javax.swing.JComponent::getClientProperty (56 bytes)
Event: 1.942 Thread 0x00000280ad0fb330 nmethod 1187 0x000002809835b690 code [0x000002809835b860, 0x000002809835bbe8]
Event: 1.942 Thread 0x00000280ad0fb330 1185       3       javax.swing.JComponent::getFlag (20 bytes)
Event: 1.942 Thread 0x00000280ad0fb330 nmethod 1185 0x000002809835bd10 code [0x000002809835bea0, 0x000002809835c018]
Event: 1.942 Thread 0x00000280ad0fb330 1189   !   3       sun.font.FileFontStrike::getCachedGlyphPtr (27 bytes)
Event: 1.943 Thread 0x00000280ad0fb330 nmethod 1189 0x000002809835c090 code [0x000002809835c2a0, 0x000002809835c838]
Event: 1.943 Thread 0x00000280ad0fb330 1190       3       sun.font.FileFontStrike::getCachedGlyphPtrInternal (120 bytes)
Event: 1.944 Thread 0x00000280ad0fb330 nmethod 1190 0x000002809835ca90 code [0x000002809835cc80, 0x000002809835d138]
Event: 1.944 Thread 0x00000280ad0fb330 1191       1       java.awt.RenderingHints$Key::intKey (5 bytes)
Event: 1.944 Thread 0x00000280ad0fb330 nmethod 1191 0x000002809f6de490 code [0x000002809f6de620, 0x000002809f6de6f8]
Event: 1.945 Thread 0x00000280ad0fb330 1194       3       sun.font.CMap$CMapFormat4::getGlyph (203 bytes)
Event: 1.946 Thread 0x00000280ad0fb330 nmethod 1194 0x000002809835d390 code [0x000002809835d5a0, 0x000002809835dbd8]
Event: 1.946 Thread 0x00000280ad0fb330 1193   !   3       sun.font.TrueTypeGlyphMapper::getGlyphFromCMAP (68 bytes)
Event: 1.947 Thread 0x00000280ad0fb330 nmethod 1193 0x000002809835df10 code [0x000002809835e160, 0x000002809835e918]
Event: 1.947 Thread 0x00000280ad0fb330 1195       3       java.nio.Buffer::clear (20 bytes)
Event: 1.948 Thread 0x00000280ad0fb330 nmethod 1195 0x000002809835ec90 code [0x000002809835ee20, 0x000002809835ef38]
Event: 1.952 Thread 0x00000280ad0fb330 1196       3       java.nio.ByteBuffer::clear (7 bytes)
Event: 1.953 Thread 0x00000280ad0fb330 nmethod 1196 0x000002809835f010 code [0x000002809835f1a0, 0x000002809835f318]

GC Heap History (2 events):
Event: 1.774 GC heap before
{Heap before GC invocations=0 (full 0):
 garbage-first heap   total 98304K, used 35840K [0x00000000a1e00000, 0x0000000100000000)
  region size 1024K, 23 young (23552K), 0 survivors (0K)
 Metaspace       used 7061K, committed 7232K, reserved 1056768K
  class space    used 762K, committed 896K, reserved 1048576K
}
Event: 1.783 GC heap after
{Heap after GC invocations=1 (full 0):
 garbage-first heap   total 98304K, used 15948K [0x00000000a1e00000, 0x0000000100000000)
  region size 1024K, 3 young (3072K), 3 survivors (3072K)
 Metaspace       used 7061K, committed 7232K, reserved 1056768K
  class space    used 762K, committed 896K, reserved 1048576K
}

Deoptimization events (20 events):
Event: 1.224 Thread 0x000002809034f850 Uncommon trap: trap_request=0xffffff45 fr.pc=0x000002809f6b9140 relative=0x0000000000000340
Event: 1.224 Thread 0x000002809034f850 Uncommon trap: reason=unstable_if action=reinterpret pc=0x000002809f6b9140 method=java.lang.StringUTF16.compress([CI[BII)I @ 20 c2
Event: 1.224 Thread 0x000002809034f850 DEOPT PACKING pc=0x000002809f6b9140 sp=0x000000997c8fd290
Event: 1.224 Thread 0x000002809034f850 DEOPT UNPACKING pc=0x0000028097c123a3 sp=0x000000997c8fd210 mode 2
Event: 1.456 Thread 0x00000280b27faa70 Uncommon trap: trap_request=0xffffffde fr.pc=0x000002809f6c1d60 relative=0x00000000000003a0
Event: 1.456 Thread 0x00000280b27faa70 Uncommon trap: reason=class_check action=maybe_recompile pc=0x000002809f6c1d60 method=java.util.HashMap.getNode(Ljava/lang/Object;)Ljava/util/HashMap$Node; @ 63 c2
Event: 1.457 Thread 0x00000280b27faa70 DEOPT PACKING pc=0x000002809f6c1d60 sp=0x000000997e8fd6f0
Event: 1.457 Thread 0x00000280b27faa70 DEOPT UNPACKING pc=0x0000028097c123a3 sp=0x000000997e8fd668 mode 2
Event: 1.492 Thread 0x00000280b27faa70 Uncommon trap: trap_request=0xffffff45 fr.pc=0x000002809f6cc95c relative=0x000000000000049c
Event: 1.492 Thread 0x00000280b27faa70 Uncommon trap: reason=unstable_if action=reinterpret pc=0x000002809f6cc95c method=java.lang.StringLatin1.toLowerCase(Ljava/lang/String;[BLjava/util/Locale;)Ljava/lang/String; @ 43 c2
Event: 1.492 Thread 0x00000280b27faa70 DEOPT PACKING pc=0x000002809f6cc95c sp=0x000000997e8fd240
Event: 1.492 Thread 0x00000280b27faa70 DEOPT UNPACKING pc=0x0000028097c123a3 sp=0x000000997e8fd1b0 mode 2
Event: 1.799 Thread 0x00000280b27faa70 Uncommon trap: trap_request=0xffffff45 fr.pc=0x000002809f6996b0 relative=0x00000000000001b0
Event: 1.799 Thread 0x00000280b27faa70 Uncommon trap: reason=unstable_if action=reinterpret pc=0x000002809f6996b0 method=java.lang.String.isLatin1()Z @ 10 c2
Event: 1.799 Thread 0x00000280b27faa70 DEOPT PACKING pc=0x000002809f6996b0 sp=0x000000997e8fd050
Event: 1.799 Thread 0x00000280b27faa70 DEOPT UNPACKING pc=0x0000028097c123a3 sp=0x000000997e8fcf80 mode 2
Event: 1.838 Thread 0x00000280b27faa70 Uncommon trap: trap_request=0xffffff45 fr.pc=0x000002809f6d95b0 relative=0x00000000000003f0
Event: 1.838 Thread 0x00000280b27faa70 Uncommon trap: reason=unstable_if action=reinterpret pc=0x000002809f6d95b0 method=java.lang.Character.isSurrogate(C)Z @ 3 c2
Event: 1.838 Thread 0x00000280b27faa70 DEOPT PACKING pc=0x000002809f6d95b0 sp=0x000000997e8fcd40
Event: 1.838 Thread 0x00000280b27faa70 DEOPT UNPACKING pc=0x0000028097c123a3 sp=0x000000997e8fcc58 mode 2

Classes unloaded (0 events):
No events

Classes redefined (0 events):
No events

Internal exceptions (17 events):
Event: 0.317 Thread 0x000002809034f850 Exception <a 'sun/nio/fs/WindowsException'{0x00000000a7c408f8}> (0x00000000a7c408f8) 
thrown [s\open\src\hotspot\share\prims\jni.cpp, line 516]
Event: 0.318 Thread 0x000002809034f850 Exception <a 'sun/nio/fs/WindowsException'{0x00000000a7c40e78}> (0x00000000a7c40e78) 
thrown [s\open\src\hotspot\share\prims\jni.cpp, line 516]
Event: 0.321 Thread 0x000002809034f850 Exception <a 'sun/nio/fs/WindowsException'{0x00000000a7c43300}> (0x00000000a7c43300) 
thrown [s\open\src\hotspot\share\prims\jni.cpp, line 516]
Event: 0.321 Thread 0x000002809034f850 Exception <a 'sun/nio/fs/WindowsException'{0x00000000a7c43e10}> (0x00000000a7c43e10) 
thrown [s\open\src\hotspot\share\prims\jni.cpp, line 516]
Event: 0.385 Thread 0x000002809034f850 Exception <a 'java/lang/ClassNotFoundException'{0x00000000a7b127d8}: sun/awt/resources/spi/awtProvider> (0x00000000a7b127d8) 
thrown [s\open\src\hotspot\share\classfile\systemDictionary.cpp, line 256]
Event: 0.418 Thread 0x000002809034f850 Exception <a 'java/io/FileNotFoundException'{0x00000000a7b65768}> (0x00000000a7b65768) 
thrown [s\open\src\hotspot\share\prims\jni.cpp, line 516]
Event: 0.430 Thread 0x000002809034f850 Exception <a 'java/io/FileNotFoundException'{0x00000000a7b928f8}> (0x00000000a7b928f8) 
thrown [s\open\src\hotspot\share\prims\jni.cpp, line 516]
Event: 0.503 Thread 0x000002809034f850 Exception <a 'java/lang/NoSuchMethodError'{0x00000000a7bd6b90}: 'java.lang.Object java.lang.invoke.DirectMethodHandle$Holder.invokeStaticInit(java.lang.Object)'> (0x00000000a7bd6b90) 
thrown [s\open\src\hotspot\share\interpreter\linkResolver.cpp, line 759]
Event: 0.681 Thread 0x000002809034f850 Exception <a 'java/lang/NoSuchMethodError'{0x00000000a7a35610}: 'void java.lang.invoke.DirectMethodHandle$Holder.invokeSpecial(java.lang.Object, java.lang.Object, java.lang.Object)'> (0x00000000a7a35610) 
thrown [s\open\src\hotspot\share\interpreter\linkResolver.cpp, line 759]
Event: 0.703 Thread 0x000002809034f850 Exception <a 'java/lang/NoSuchMethodError'{0x00000000a7a5f7e8}: 'java.lang.Object java.lang.invoke.DirectMethodHandle$Holder.newInvokeSpecial(java.lang.Object, java.lang.Object, java.lang.Object, java.lang.Object, java.lang.Object)'> (0x00000000a7a5f7e8) 
thrown [s\open\src\hotspot\share\interpreter\linkResolver.cpp, line 759]
Event: 0.708 Thread 0x000002809034f850 Exception <a 'java/lang/NoSuchMethodError'{0x00000000a7a6b1b0}: 'java.lang.Object java.lang.invoke.DirectMethodHandle$Holder.invokeStatic(java.lang.Object, int, java.lang.Object, java.lang.Object, java.lang.Object, java.lang.Object)'> (0x00000000a7a6b1b0) 
thrown [s\open\src\hotspot\share\interpreter\linkResolver.cpp, line 759]
Event: 0.718 Thread 0x000002809034f850 Exception <a 'java/lang/NoSuchMethodError'{0x00000000a7a90bc0}: 'java.lang.Object java.lang.invoke.DirectMethodHandle$Holder.invokeStatic(java.lang.Object, int, java.lang.Object)'> (0x00000000a7a90bc0) 
thrown [s\open\src\hotspot\share\interpreter\linkResolver.cpp, line 759]
Event: 0.782 Thread 0x000002809034f850 Exception <a 'java/lang/ClassNotFoundException'{0x00000000a7948e70}: com/sun/swing/internal/plaf/metal/resources/spi/metalProvider> (0x00000000a7948e70) 
thrown [s\open\src\hotspot\share\classfile\systemDictionary.cpp, line 256]
Event: 0.784 Thread 0x000002809034f850 Exception <a 'java/lang/ClassNotFoundException'{0x00000000a794cc78}: com/sun/swing/internal/plaf/basic/resources/spi/basicProvider> (0x00000000a794cc78) 
thrown [s\open\src\hotspot\share\classfile\systemDictionary.cpp, line 256]
Event: 0.893 Thread 0x00000280b271ba30 Exception <a 'java/lang/NoSuchMethodError'{0x00000000a78fb528}: 'java.lang.Object java.lang.invoke.DirectMethodHandle$Holder.newInvokeSpecial(java.lang.Object, java.lang.Object, java.lang.Object, int, int, int, int, int)'> (0x00000000a78fb528) 
thrown [s\open\src\hotspot\share\interpreter\linkResolver.cpp, line 759]
Event: 1.153 Thread 0x00000280addab3f0 Exception <a 'java/lang/NoSuchMethodError'{0x00000000a7bfb778}: 'void java.lang.invoke.DirectMethodHandle$Holder.invokeVirtual(java.lang.Object, java.lang.Object)'> (0x00000000a7bfb778) 
thrown [s\open\src\hotspot\share\interpreter\linkResolver.cpp, line 759]
Event: 1.193 Thread 0x000002809034f850 Exception <a 'java/lang/NoSuchMethodError'{0x00000000a6a8c5d0}: 'void java.lang.invoke.DirectMethodHandle$Holder.invokeStaticInit(java.lang.Object)'> (0x00000000a6a8c5d0) 
thrown [s\open\src\hotspot\share\interpreter\linkResolver.cpp, line 759]

VM Operations (12 events):
Event: 0.323 Executing VM operation: HandshakeAllThreads
Event: 0.323 Executing VM operation: HandshakeAllThreads done
Event: 0.933 Executing VM operation: HandshakeAllThreads
Event: 0.933 Executing VM operation: HandshakeAllThreads done
Event: 1.239 Executing VM operation: HandshakeAllThreads
Event: 1.239 Executing VM operation: HandshakeAllThreads done
Event: 1.239 Executing VM operation: Cleanup
Event: 1.240 Executing VM operation: Cleanup done
Event: 1.365 Executing VM operation: HandshakeAllThreads
Event: 1.365 Executing VM operation: HandshakeAllThreads done
Event: 1.774 Executing VM operation: G1CollectForAllocation
Event: 1.783 Executing VM operation: G1CollectForAllocation done

Events (20 events):
Event: 1.493 loading class sun/font/SunFontManager$4
Event: 1.493 loading class sun/font/SunFontManager$4 done
Event: 1.519 loading class sun/font/SunFontManager$9
Event: 1.519 loading class sun/font/SunFontManager$9 done
Event: 1.520 loading class sun/font/SunFontManager$10
Event: 1.520 loading class sun/font/SunFontManager$10 done
Event: 1.811 loading class jdk/internal/access/foreign/MemorySegmentProxy
Event: 1.811 loading class jdk/internal/access/foreign/MemorySegmentProxy done
Event: 1.891 loading class sun/font/CompositeGlyphMapper
Event: 1.891 loading class sun/font/CompositeGlyphMapper done
Event: 1.895 loading class java/awt/print/PrinterGraphics
Event: 1.895 loading class java/awt/print/PrinterGraphics done
Event: 1.895 loading class java/awt/PrintGraphics
Event: 1.895 loading class java/awt/PrintGraphics done
Event: 1.895 loading class sun/java2d/loops/FontInfo
Event: 1.895 loading class sun/java2d/loops/FontInfo done
Event: 1.916 loading class javax/swing/plaf/metal/MetalUtils
Event: 1.916 loading class javax/swing/plaf/metal/MetalUtils done
Event: 1.916 loading class javax/swing/JToolBar
Event: 1.917 loading class javax/swing/JToolBar done


Dynamic libraries:
0x00007ff7f2aa0000 - 0x00007ff7f2ab0000 	C:\Program Files\Java\jdk-17.0.4\bin\java.exe
0x00007ffb331f0000 - 0x00007ffb33404000 	C:\WINDOWS\SYSTEM32\ntdll.dll
0x00007ffb31390000 - 0x00007ffb31452000 	C:\WINDOWS\System32\KERNEL32.DLL
0x00007ffb308b0000 - 0x00007ffb30c4c000 	C:\WINDOWS\System32\KERNELBASE.dll
0x00007ffb30e40000 - 0x00007ffb30f51000 	C:\WINDOWS\System32\ucrtbase.dll
0x00007ffb29230000 - 0x00007ffb2924a000 	C:\Program Files\Java\jdk-17.0.4\bin\VCRUNTIME140.dll
0x00007ffb28ff0000 - 0x00007ffb29008000 	C:\Program Files\Java\jdk-17.0.4\bin\jli.dll
0x00007ffb32f20000 - 0x00007ffb32fce000 	C:\WINDOWS\System32\ADVAPI32.dll
0x00007ffb312e0000 - 0x00007ffb31387000 	C:\WINDOWS\System32\msvcrt.dll
0x00007ffb317a0000 - 0x00007ffb31844000 	C:\WINDOWS\System32\sechost.dll
0x00007ffb32080000 - 0x00007ffb32197000 	C:\WINDOWS\System32\RPCRT4.dll
0x00007ffb315f0000 - 0x00007ffb3179b000 	C:\WINDOWS\System32\USER32.dll
0x00007ffb19b00000 - 0x00007ffb19d8e000 	C:\WINDOWS\WinSxS\amd64_microsoft.windows.common-controls_6595b64144ccf1df_6.0.22621.608_none_a9444ca7c10bb01d\COMCTL32.dll
0x00007ffb32c00000 - 0x00007ffb32c29000 	C:\WINDOWS\System32\GDI32.dll
0x00007ffb30fd0000 - 0x00007ffb30ff6000 	C:\WINDOWS\System32\win32u.dll
0x00007ffb30630000 - 0x00007ffb30743000 	C:\WINDOWS\System32\gdi32full.dll
0x00007ffb30810000 - 0x00007ffb308aa000 	C:\WINDOWS\System32\msvcp_win.dll
0x00007ffb27470000 - 0x00007ffb2747a000 	C:\WINDOWS\SYSTEM32\VERSION.dll
0x00007ffb32c90000 - 0x00007ffb32cc1000 	C:\WINDOWS\System32\IMM32.DLL
0x00007ffb29220000 - 0x00007ffb2922c000 	C:\Program Files\Java\jdk-17.0.4\bin\vcruntime140_1.dll
0x00007ffadaf00000 - 0x00007ffadaf8d000 	C:\Program Files\Java\jdk-17.0.4\bin\msvcp140.dll
0x00007ffad2200000 - 0x00007ffad2dc2000 	C:\Program Files\Java\jdk-17.0.4\bin\server\jvm.dll
0x00007ffb31bf0000 - 0x00007ffb31bf8000 	C:\WINDOWS\System32\PSAPI.DLL
0x00007ffb0e4a0000 - 0x00007ffb0e4a9000 	C:\WINDOWS\SYSTEM32\WSOCK32.dll
0x00007ffb28590000 - 0x00007ffb285c4000 	C:\WINDOWS\SYSTEM32\WINMM.dll
0x00007ffb31460000 - 0x00007ffb314d1000 	C:\WINDOWS\System32\WS2_32.dll
0x00007ffb2f650000 - 0x00007ffb2f668000 	C:\WINDOWS\SYSTEM32\kernel.appcore.dll
0x00007ffb291d0000 - 0x00007ffb291da000 	C:\Program Files\Java\jdk-17.0.4\bin\jimage.dll
0x00007ffb2e260000 - 0x00007ffb2e48e000 	C:\WINDOWS\SYSTEM32\DBGHELP.DLL
0x00007ffb31850000 - 0x00007ffb31bd9000 	C:\WINDOWS\System32\combase.dll
0x00007ffb31020000 - 0x00007ffb310f7000 	C:\WINDOWS\System32\OLEAUT32.dll
0x00007ffb17760000 - 0x00007ffb17792000 	C:\WINDOWS\SYSTEM32\dbgcore.DLL
0x00007ffb30c50000 - 0x00007ffb30ccb000 	C:\WINDOWS\System32\bcryptPrimitives.dll
0x00007ffb1c9c0000 - 0x00007ffb1c9e5000 	C:\Program Files\Java\jdk-17.0.4\bin\java.dll
0x00007ffadb120000 - 0x00007ffadb1f6000 	C:\Program Files\Java\jdk-17.0.4\bin\jsvml.dll
0x00007ffb322f0000 - 0x00007ffb32ae0000 	C:\WINDOWS\System32\SHELL32.dll
0x00007ffb2e5f0000 - 0x00007ffb2eebd000 	C:\WINDOWS\SYSTEM32\windows.storage.dll
0x00007ffb2e4b0000 - 0x00007ffb2e5ee000 	C:\WINDOWS\SYSTEM32\wintypes.dll
0x00007ffb314e0000 - 0x00007ffb315d1000 	C:\WINDOWS\System32\SHCORE.dll
0x00007ffb32fd0000 - 0x00007ffb3302e000 	C:\WINDOWS\System32\shlwapi.dll
0x00007ffb30560000 - 0x00007ffb30581000 	C:\WINDOWS\SYSTEM32\profapi.dll
0x00007ffb221e0000 - 0x00007ffb221f9000 	C:\Program Files\Java\jdk-17.0.4\bin\net.dll
0x00007ffb278f0000 - 0x00007ffb27a27000 	C:\WINDOWS\SYSTEM32\WINHTTP.dll
0x00007ffb2faf0000 - 0x00007ffb2fb59000 	C:\WINDOWS\system32\mswsock.dll
0x00007ffb1f870000 - 0x00007ffb1f886000 	C:\Program Files\Java\jdk-17.0.4\bin\nio.dll
0x00007ffb196c0000 - 0x00007ffb196d8000 	C:\Program Files\Java\jdk-17.0.4\bin\zip.dll
0x00007ffadaf90000 - 0x00007ffadb11f000 	C:\Program Files\Java\jdk-17.0.4\bin\awt.dll
0x00007ffb2d7a0000 - 0x00007ffb2d836000 	C:\WINDOWS\SYSTEM32\apphelp.dll
0x00007ffb2dae0000 - 0x00007ffb2db0b000 	C:\WINDOWS\system32\DWMAPI.DLL
0x00007ffb2d8b0000 - 0x00007ffb2d95b000 	C:\WINDOWS\system32\uxtheme.dll
0x00007ffaed9a0000 - 0x00007ffaedaa0000 	C:\WINDOWS\system32\opengl32.dll
0x00007ffaee120000 - 0x00007ffaee14d000 	C:\WINDOWS\SYSTEM32\GLU32.dll
0x00007ffb2d990000 - 0x00007ffb2d9c6000 	C:\WINDOWS\SYSTEM32\dxcore.dll
0x00007ffb32ae0000 - 0x00007ffb32bfe000 	C:\WINDOWS\System32\MSCTF.dll
0x00007ffb32d80000 - 0x00007ffb32f1c000 	C:\WINDOWS\System32\ole32.dll
0x00007ffaee2e0000 - 0x00007ffaee489000 	C:\WINDOWS\system32\d3d9.dll
0x00007ffb27480000 - 0x00007ffb27658000 	C:\WINDOWS\System32\DriverStore\FileRepository\u0356232.inf_amd64_16a64c116234c4dc\B354183\aticfx64.dll
0x00007ffb1fcd0000 - 0x00007ffb1fd01000 	C:\WINDOWS\System32\DriverStore\FileRepository\u0356232.inf_amd64_16a64c116234c4dc\B354183\atiu9p64.dll
0x00007ffacd790000 - 0x00007fface3fa000 	C:\WINDOWS\System32\DriverStore\FileRepository\u0356232.inf_amd64_16a64c116234c4dc\B354183\atiumd64.dll
0x00000000647e0000 - 0x0000000065585000 	C:\WINDOWS\System32\DriverStore\FileRepository\u0356232.inf_amd64_16a64c116234c4dc\B354183\atiumd6a.dll
0x00007ffb30500000 - 0x00007ffb3054d000 	C:\WINDOWS\SYSTEM32\POWRPROF.dll
0x00007ffb304e0000 - 0x00007ffb304f3000 	C:\WINDOWS\SYSTEM32\UMPDC.dll
0x00007ffb24f50000 - 0x00007ffb24f7e000 	C:\WINDOWS\SYSTEM32\amdihk64.dll
0x00007ffb2b380000 - 0x00007ffb2b3c8000 	C:\WINDOWS\SYSTEM32\directxdatabasehelper.dll
0x00007ffb28ef0000 - 0x00007ffb28f1d000 	C:\Program Files\Java\jdk-17.0.4\bin\javajpeg.dll
0x00007ffad2170000 - 0x00007ffad21f9000 	C:\Program Files\Java\jdk-17.0.4\bin\freetype.dll
0x00007ffad20c0000 - 0x00007ffad2168000 	C:\Program Files\Java\jdk-17.0.4\bin\fontmanager.dll
0x00007ffb1f040000 - 0x00007ffb1f16e000 	C:\WINDOWS\SYSTEM32\textinputframework.dll

dbghelp: loaded successfully - version: 4.0.5 - missing functions: none
symbol engine: initialized successfully - sym options: 0x614 - pdb path: .;C:\Program Files\Java\jdk-17.0.4\bin;C:\WINDOWS\SYSTEM32;C:\WINDOWS\WinSxS\amd64_microsoft.windows.common-controls_6595b64144ccf1df_6.0.22621.608_none_a9444ca7c10bb01d;C:\Program Files\Java\jdk-17.0.4\bin\server;C:\WINDOWS\System32\DriverStore\FileRepository\u0356232.inf_amd64_16a64c116234c4dc\B354183

VM Arguments:
jvm_args: -Dfile.encoding=UTF-8 --module-path=C:\Users\user\Documents\NetBeansProjects\Travel management system\build\classes 
java_command: travel.management.system.Dashboard
java_class_path (initial): C:\Program Files (x86)\MySQL\Connector J 8.0\mysql-connector-j-8.0.33.jar;C:\Users\user\Documents\NetBeansProjects\Travel management system\build\classes
Launcher Type: SUN_STANDARD

[Global flags]
     intx CICompilerCount                          = 4                                         {product} {ergonomic}
     uint ConcGCThreads                            = 2                                         {product} {ergonomic}
     uint G1ConcRefinementThreads                  = 8                                         {product} {ergonomic}
   size_t G1HeapRegionSize                         = 1048576                                   {product} {ergonomic}
    uintx GCDrainStackTargetSize                   = 64                                        {product} {ergonomic}
   size_t InitialHeapSize                          = 100663296                                 {product} {ergonomic}
   size_t MarkStackSize                            = 4194304                                   {product} {ergonomic}
   size_t MaxHeapSize                              = 1579155456                                {product} {ergonomic}
   size_t MaxNewSize                               = 946864128                                 {product} {ergonomic}
   size_t MinHeapDeltaBytes                        = 1048576                                   {product} {ergonomic}
   size_t MinHeapSize                              = 8388608                                   {product} {ergonomic}
    uintx NonNMethodCodeHeapSize                   = 5839372                                {pd product} {ergonomic}
    uintx NonProfiledCodeHeapSize                  = 122909434                              {pd product} {ergonomic}
    uintx ProfiledCodeHeapSize                     = 122909434                              {pd product} {ergonomic}
    uintx ReservedCodeCacheSize                    = 251658240                              {pd product} {ergonomic}
     bool SegmentedCodeCache                       = true                                      {product} {ergonomic}
   size_t SoftMaxHeapSize                          = 1579155456                             {manageable} {ergonomic}
     bool UseCompressedClassPointers               = true                           {product lp64_product} {ergonomic}
     bool UseCompressedOops                        = true                           {product lp64_product} {ergonomic}
     bool UseG1GC                                  = true                                      {product} {ergonomic}
     bool UseLargePagesIndividualAllocation        = false                                  {pd product} {ergonomic}

Logging:
Log output configuration:
 #0: stdout all=warning uptime,level,tags
 #1: stderr all=off uptime,level,tags

Environment Variables:
JAVA_HOME=C:\Program Files\Java\jdk-17.0.4
PATH=C:\Program Files\Eclipse Adoptium\jdk-17.0.6.10-hotspot\bin;C:\Program Files\Common Files\Oracle\Java\javapath;C:\Program Files (x86)\Common Files\Oracle\Java\javapath;C:\Program Files (x86)\Common Files\Intel\Shared Libraries\redist\intel64_win\compiler;C:\ProgramData\Oracle\Java\javapath;C:\WINDOWS\system32;C:\WINDOWS;C:\WINDOWS\System32\Wbem;C:\WINDOWS\System32\WindowsPowerShell\v1.0\;C:\WINDOWS\System32\OpenSSH\;C:\MinGW\bin;C:\Program Files\Microsoft VS Code\bin;C:\Program Files\Go\bin;C:\ProgramData\chocolatey\bin;C:\tools\php81;C:\Program Files\Microsoft SQL Server\130\Tools\Binn\;C:\Program Files\Microsoft SQL Server\150\Tools\Binn\;C:\Program Files\Microsoft SQL Server\Client SDK\ODBC\170\Tools\Binn\;C:\Program Files\dotnet\;C:\Program Files\Java\jdk-17.0.4\bin;C:\Program Files\MySQL\MySQL Server 8.0\bin;C:\Users\user\AppData\Local\Programs\Python\Python311\Scripts;C:\Users\user\AppData\Local\Programs\Python\Python311;C:\WINDOWS\system32;C:\WINDOWS;C:\WINDOWS\System32\Wbem;C:\WINDOWS\System32\WindowsPowerShell\v1.0\;C:\WINDOWS\System32\OpenSSH\;C:\tools\php82;C:\Program Files\nodejs\;C:\Program Files\Git\cmd;C:\Program Files\PowerShell\7\;C:\Program Files\PuTTY\;C:\Program Files\MySQL\MySQL Shell 8.0\bin\;C:\Users\user\AppData\Local\Programs\Python\Python311\Scripts\;C:\Users\user\AppData\Local\Programs\Python\Python311\;C:\Users\user\.cargo\bin;C:\Users\user\AppData\Local\Microsoft\WindowsApps;C:\Users\user\go\bin;C:\Program Files\heroku\bin;%PyCharm Community Edition%;C:\Users\user\.dotnet\tools;C:\Users\user\AppData\Roaming\npm
USERNAME=user
OS=Windows_NT
PROCESSOR_IDENTIFIER=AMD64 Family 23 Model 24 Stepping 1, AuthenticAMD



---------------  S Y S T E M  ---------------

OS:
 Windows 11 , 64 bit Build 22621 (10.0.22621.1485)
OS uptime: 10 days 11:19 hours
Hyper-V role detected

CPU: total 8 (initial active 8) (8 cores per cpu, 2 threads per core) family 23 model 24 stepping 1 microcode 0x0, cx8, cmov, fxsr, ht, mmx, 3dnowpref, sse, sse2, sse3, ssse3, sse4a, sse4.1, sse4.2, popcnt, lzcnt, tsc, tscinvbit, avx, avx2, aes, clmul, bmi1, bmi2, adx, sha, fma, vzeroupper, clflush, clflushopt, hv

Memory: 4k page, system-wide physical 6020M (255M free)
TotalPageFile size 24452M (AvailPageFile size 0M)
current process WorkingSet (physical memory assigned to process): 122M, peak: 122M
current process commit charge ("private bytes"): 253M, peak: 254M

vm_info: Java HotSpot(TM) 64-Bit Server VM (17.0.4+11-LTS-179) for windows-amd64 JRE (17.0.4+11-LTS-179), built on Jun 28 2022 08:23:05 by "mach5one" with MS VC++ 16.8 / 16.9 (VS2019)

END.
